################################################################################
# Energy contributions calculated from NNP.
################################################################################
# Col  Name      Description
################################################################################
# 1    conf      Configuration index (starting with 1).
# 2    index     Atom index (starting with 1).
# 3    Z         Nuclear charge of atom.
# 4    Qref      Reference atomic charge.
# 5    Qnnp      NNP atomic charge.
# 6    Eref_atom Reference atomic energy contribution.
# 7    Ennp_atom Atomic energy contribution (physical units, no mean or offset energy added).
#############################################################################################################################
#        1          2   3                        4                        5                        6                        7
#     conf      index   Z                     Qref                     Qnnp                Eref_atom                Ennp_atom
#############################################################################################################################
         1          1   8   0.0000000000000000E+00   3.3767571200631608E-01   0.0000000000000000E+00  -1.3688221182888100E+01
         1          2   1   0.0000000000000000E+00  -1.6834198883435422E-01   0.0000000000000000E+00  -2.9458737399583399E+01
         1          3   1   0.0000000000000000E+00  -1.6830692974773542E-01   0.0000000000000000E+00  -2.9459793987910324E+01
         1          4   8   0.0000000000000000E+00   3.3618751001290675E-01   0.0000000000000000E+00  -1.3683781182326136E+01
         1          5   1   0.0000000000000000E+00  -1.6830909654815049E-01   0.0000000000000000E+00  -2.9460037475648924E+01
         1          6   1   0.0000000000000000E+00  -1.6864303172437323E-01   0.0000000000000000E+00  -2.9459411064457445E+01
         1          7   8   0.0000000000000000E+00   3.3670260177418293E-01   0.0000000000000000E+00  -1.3685342961259884E+01
         1          8   1   0.0000000000000000E+00  -1.6854125224759239E-01   0.0000000000000000E+00  -2.9458762886452103E+01
         1          9   1   0.0000000000000000E+00  -1.6861575166848813E-01   0.0000000000000000E+00  -2.9458608526071142E+01
         1         10   8   0.0000000000000000E+00   3.3850587962619044E-01   0.0000000000000000E+00  -1.3690761788395456E+01
         1         11   1   0.0000000000000000E+00  -1.6853760339757101E-01   0.0000000000000000E+00  -2.9459835189397094E+01
         1         12   1   0.0000000000000000E+00  -1.6877208841355934E-01   0.0000000000000000E+00  -2.9456424998723371E+01
         1         13   8   0.0000000000000000E+00   3.3651576063599908E-01   0.0000000000000000E+00  -1.3685495983933201E+01
         1         14   1   0.0000000000000000E+00  -1.6875309707077485E-01   0.0000000000000000E+00  -2.9459313796769141E+01
         1         15   1   0.0000000000000000E+00  -1.6828081349656049E-01   0.0000000000000000E+00  -2.9459333533166500E+01
         1         16   8   0.0000000000000000E+00   3.3780981603610383E-01   0.0000000000000000E+00  -1.3688122937474962E+01
         1         17   1   0.0000000000000000E+00  -1.6853767788473206E-01   0.0000000000000000E+00  -2.9459912889948448E+01
         1         18   1   0.0000000000000000E+00  -1.6868082141640151E-01   0.0000000000000000E+00  -2.9460425478351805E+01
         1         19   8   0.0000000000000000E+00   3.3714988883295793E-01   0.0000000000000000E+00  -1.3686317252572927E+01
         1         20   1   0.0000000000000000E+00  -1.6872922538738380E-01   0.0000000000000000E+00  -2.9459326209953129E+01
         1         21   1   0.0000000000000000E+00  -1.6842484909246166E-01   0.0000000000000000E+00  -2.9459308524468170E+01
         1         22   8   0.0000000000000000E+00   3.3717233000179636E-01   0.0000000000000000E+00  -1.3687181871907047E+01
         1         23   1   0.0000000000000000E+00  -1.6858882042409176E-01   0.0000000000000000E+00  -2.9458884043084677E+01
         1         24   1   0.0000000000000000E+00  -1.6866547727080441E-01   0.0000000000000000E+00  -2.9459209834752777E+01
         1         25   8   0.0000000000000000E+00   3.3679959177486496E-01   0.0000000000000000E+00  -1.3686191558159113E+01
         1         26   1   0.0000000000000000E+00  -1.6848632133789998E-01   0.0000000000000000E+00  -2.9461226993760086E+01
         1         27   1   0.0000000000000000E+00  -1.6803617313642980E-01   0.0000000000000000E+00  -2.9459157729427019E+01
         1         28   8   0.0000000000000000E+00   3.3753414850248903E-01   0.0000000000000000E+00  -1.3688205134710230E+01
         1         29   1   0.0000000000000000E+00  -1.6860552515515081E-01   0.0000000000000000E+00  -2.9458660229129030E+01
         1         30   1   0.0000000000000000E+00  -1.6859613358705625E-01   0.0000000000000000E+00  -2.9459037540684971E+01
         1         31   8   0.0000000000000000E+00   3.3787302610359315E-01   0.0000000000000000E+00  -1.3688917102042279E+01
         1         32   1   0.0000000000000000E+00  -1.6848858266239941E-01   0.0000000000000000E+00  -2.9458943914516990E+01
         1         33   1   0.0000000000000000E+00  -1.6844509485880640E-01   0.0000000000000000E+00  -2.9458171401714406E+01
         1         34   8   0.0000000000000000E+00   3.3599080770423573E-01   0.0000000000000000E+00  -1.3683981576367966E+01
         1         35   1   0.0000000000000000E+00  -1.6848080673246879E-01   0.0000000000000000E+00  -2.9458854850248471E+01
         1         36   1   0.0000000000000000E+00  -1.6872993811440237E-01   0.0000000000000000E+00  -2.9457942503372255E+01
         1         37   8   0.0000000000000000E+00   3.3617588444555557E-01   0.0000000000000000E+00  -1.3684589532710032E+01
         1         38   1   0.0000000000000000E+00  -1.6854824276792402E-01   0.0000000000000000E+00  -2.9460276616440037E+01
         1         39   1   0.0000000000000000E+00  -1.6822888888193926E-01   0.0000000000000000E+00  -2.9459768848459174E+01
         1         40   8   0.0000000000000000E+00   3.3617734290456130E-01   0.0000000000000000E+00  -1.3683663085129577E+01
         1         41   1   0.0000000000000000E+00  -1.6838519960519488E-01   0.0000000000000000E+00  -2.9458447010781406E+01
         1         42   1   0.0000000000000000E+00  -1.6847425419267917E-01   0.0000000000000000E+00  -2.9458699374889502E+01
         1         43   8   0.0000000000000000E+00   3.3648299775581281E-01   0.0000000000000000E+00  -1.3684742218390706E+01
         1         44   1   0.0000000000000000E+00  -1.6917815173840162E-01   0.0000000000000000E+00  -2.9458235829658438E+01
         1         45   1   0.0000000000000000E+00  -1.6864160294363506E-01   0.0000000000000000E+00  -2.9458108571136588E+01
         1         46   8   0.0000000000000000E+00   3.3748554770565997E-01   0.0000000000000000E+00  -1.3687734230445898E+01
         1         47   1   0.0000000000000000E+00  -1.6864098944690653E-01   0.0000000000000000E+00  -2.9459249656861413E+01
         1         48   1   0.0000000000000000E+00  -1.6842626560445353E-01   0.0000000000000000E+00  -2.9457753484442499E+01
         1         49   8   0.0000000000000000E+00   3.3734605148478886E-01   0.0000000000000000E+00  -1.3688489024826993E+01
         1         50   1   0.0000000000000000E+00  -1.6867231182487527E-01   0.0000000000000000E+00  -2.9460069984470305E+01
         1         51   1   0.0000000000000000E+00  -1.6844795579743455E-01   0.0000000000000000E+00  -2.9458588890295704E+01
         1         52   8   0.0000000000000000E+00   3.3760064146019997E-01   0.0000000000000000E+00  -1.3688370796720683E+01
         1         53   1   0.0000000000000000E+00  -1.6864873959282614E-01   0.0000000000000000E+00  -2.9459442634532767E+01
         1         54   1   0.0000000000000000E+00  -1.6859099836171948E-01   0.0000000000000000E+00  -2.9459679955723402E+01
         1         55   8   0.0000000000000000E+00   3.3726272462758444E-01   0.0000000000000000E+00  -1.3686324634743269E+01
         1         56   1   0.0000000000000000E+00  -1.6833235561641446E-01   0.0000000000000000E+00  -2.9461282312513074E+01
         1         57   1   0.0000000000000000E+00  -1.6787854493117096E-01   0.0000000000000000E+00  -2.9458166506591922E+01
         1         58   8   0.0000000000000000E+00   3.3620686696238089E-01   0.0000000000000000E+00  -1.3683146210307214E+01
         1         59   1   0.0000000000000000E+00  -1.6830006917004245E-01   0.0000000000000000E+00  -2.9459515890564404E+01
         1         60   1   0.0000000000000000E+00  -1.6840591607619187E-01   0.0000000000000000E+00  -2.9458386783869951E+01
         1         61   8   0.0000000000000000E+00   3.3571535095826105E-01   0.0000000000000000E+00  -1.3683816411396720E+01
         1         62   1   0.0000000000000000E+00  -1.6847393798284582E-01   0.0000000000000000E+00  -2.9459069181670280E+01
         1         63   1   0.0000000000000000E+00  -1.6860388957755182E-01   0.0000000000000000E+00  -2.9459509862684861E+01
         1         64   8   0.0000000000000000E+00   3.3623053704468253E-01   0.0000000000000000E+00  -1.3685189772917912E+01
         1         65   1   0.0000000000000000E+00  -1.6859668663375765E-01   0.0000000000000000E+00  -2.9459768604177988E+01
         1         66   1   0.0000000000000000E+00  -1.6867935042374396E-01   0.0000000000000000E+00  -2.9458056108941896E+01
         1         67   8   0.0000000000000000E+00   3.3774970559476686E-01   0.0000000000000000E+00  -1.3687668242718182E+01
         1         68   1   0.0000000000000000E+00  -1.6825731684441539E-01   0.0000000000000000E+00  -2.9458911527933818E+01
         1         69   1   0.0000000000000000E+00  -1.6861530926822912E-01   0.0000000000000000E+00  -2.9460209446114838E+01
         1         70   8   0.0000000000000000E+00   3.3755970802055912E-01   0.0000000000000000E+00  -1.3687302254419443E+01
         1         71   1   0.0000000000000000E+00  -1.6835719510760774E-01   0.0000000000000000E+00  -2.9460494369005676E+01
         1         72   1   0.0000000000000000E+00  -1.6850521321069464E-01   0.0000000000000000E+00  -2.9459866947229173E+01
         1         73   8   0.0000000000000000E+00   3.3706489905892656E-01   0.0000000000000000E+00  -1.3685427695343300E+01
         1         74   1   0.0000000000000000E+00  -1.6882649230493624E-01   0.0000000000000000E+00  -2.9459635225583476E+01
         1         75   1   0.0000000000000000E+00  -1.6844583329748214E-01   0.0000000000000000E+00  -2.9459116300181762E+01
         1         76   8   0.0000000000000000E+00   3.3680688534499148E-01   0.0000000000000000E+00  -1.3685905086199753E+01
         1         77   1   0.0000000000000000E+00  -1.6870043487401820E-01   0.0000000000000000E+00  -2.9459348143216751E+01
         1         78   1   0.0000000000000000E+00  -1.6848785519403581E-01   0.0000000000000000E+00  -2.9457643978717773E+01
         1         79   8   0.0000000000000000E+00   3.3584785016447183E-01   0.0000000000000000E+00  -1.3683138535988519E+01
         1         80   1   0.0000000000000000E+00  -1.6809911224635410E-01   0.0000000000000000E+00  -2.9459195541711054E+01
         1         81   1   0.0000000000000000E+00  -1.6836886203165433E-01   0.0000000000000000E+00  -2.9459462790138801E+01
         1         82   8   0.0000000000000000E+00   3.3929376463278499E-01   0.0000000000000000E+00  -1.3691124962756618E+01
         1         83   1   0.0000000000000000E+00  -1.6775674226447582E-01   0.0000000000000000E+00  -2.9458800334090679E+01
         1         84   1   0.0000000000000000E+00  -1.6848539254350695E-01   0.0000000000000000E+00  -2.9458948576935168E+01
         1         85   8   0.0000000000000000E+00   3.3638675616305402E-01   0.0000000000000000E+00  -1.3684947171644900E+01
         1         86   1   0.0000000000000000E+00  -1.6828494077011866E-01   0.0000000000000000E+00  -2.9457508588842128E+01
         1         87   1   0.0000000000000000E+00  -1.6888297122428503E-01   0.0000000000000000E+00  -2.9459352083066062E+01
         1         88   8   0.0000000000000000E+00   3.3669042391725668E-01   0.0000000000000000E+00  -1.3685427638222109E+01
         1         89   1   0.0000000000000000E+00  -1.6832954768458538E-01   0.0000000000000000E+00  -2.9460086852236344E+01
         1         90   1   0.0000000000000000E+00  -1.6883096943254924E-01   0.0000000000000000E+00  -2.9459155463592445E+01
         1         91   8   0.0000000000000000E+00   3.3739595532739108E-01   0.0000000000000000E+00  -1.3687033749372258E+01
         1         92   1   0.0000000000000000E+00  -1.6857885911287493E-01   0.0000000000000000E+00  -2.9460947545823331E+01
         1         93   1   0.0000000000000000E+00  -1.6820552062716895E-01   0.0000000000000000E+00  -2.9457668526642735E+01
         1         94   8   0.0000000000000000E+00   3.3748072863289974E-01   0.0000000000000000E+00  -1.3688040960406536E+01
         1         95   1   0.0000000000000000E+00  -1.6854781939102792E-01   0.0000000000000000E+00  -2.9458578498940597E+01
         1         96   1   0.0000000000000000E+00  -1.6856644308445728E-01   0.0000000000000000E+00  -2.9458869839105038E+01
         1         97   8   0.0000000000000000E+00   3.3758446875282594E-01   0.0000000000000000E+00  -1.3687022586540301E+01
         1         98   1   0.0000000000000000E+00  -1.6842676748107702E-01   0.0000000000000000E+00  -2.9460504714509423E+01
         1         99   1   0.0000000000000000E+00  -1.6873779455272808E-01   0.0000000000000000E+00  -2.9459422857231363E+01
         1        100   8   0.0000000000000000E+00   3.3821976764044059E-01   0.0000000000000000E+00  -1.3690816383035177E+01
         1        101   1   0.0000000000000000E+00  -1.6845784746850095E-01   0.0000000000000000E+00  -2.9460328614000655E+01
         1        102   1   0.0000000000000000E+00  -1.6839976835668877E-01   0.0000000000000000E+00  -2.9459173373648706E+01
         1        103   8   0.0000000000000000E+00   3.3642084527202387E-01   0.0000000000000000E+00  -1.3683839987583706E+01
         1        104   1   0.0000000000000000E+00  -1.6880838199368739E-01   0.0000000000000000E+00  -2.9458811978921961E+01
         1        105   1   0.0000000000000000E+00  -1.6867698142829457E-01   0.0000000000000000E+00  -2.9458018081859457E+01
         1        106   8   0.0000000000000000E+00   3.3671898503323683E-01   0.0000000000000000E+00  -1.3685928917308150E+01
         1        107   1   0.0000000000000000E+00  -1.6849436648176203E-01   0.0000000000000000E+00  -2.9459963844949062E+01
         1        108   1   0.0000000000000000E+00  -1.6874182752856851E-01   0.0000000000000000E+00  -2.9459446458214703E+01
         1        109   8   0.0000000000000000E+00   3.3652768458863414E-01   0.0000000000000000E+00  -1.3685822131123846E+01
         1        110   1   0.0000000000000000E+00  -1.6879480565961905E-01   0.0000000000000000E+00  -2.9459603483595732E+01
         1        111   1   0.0000000000000000E+00  -1.6865671229522108E-01   0.0000000000000000E+00  -2.9458270327710153E+01
         1        112   8   0.0000000000000000E+00   3.3621248253605984E-01   0.0000000000000000E+00  -1.3685394773805822E+01
         1        113   1   0.0000000000000000E+00  -1.6848490943858241E-01   0.0000000000000000E+00  -2.9460343594089625E+01
         1        114   1   0.0000000000000000E+00  -1.6844468835066961E-01   0.0000000000000000E+00  -2.9458201105300276E+01
         1        115   8   0.0000000000000000E+00   3.3716012303481097E-01   0.0000000000000000E+00  -1.3688213043966329E+01
         1        116   1   0.0000000000000000E+00  -1.6861677882779105E-01   0.0000000000000000E+00  -2.9458648464356592E+01
         1        117   1   0.0000000000000000E+00  -1.6882924097723531E-01   0.0000000000000000E+00  -2.9458723767831422E+01
         1        118   8   0.0000000000000000E+00   3.3988029283764731E-01   0.0000000000000000E+00  -1.3694105263395535E+01
         1        119   1   0.0000000000000000E+00  -1.6820613239155913E-01   0.0000000000000000E+00  -2.9457314650459857E+01
         1        120   1   0.0000000000000000E+00  -1.6838938576213458E-01   0.0000000000000000E+00  -2.9458488898520923E+01
         1        121   8   0.0000000000000000E+00   3.3594593200193057E-01   0.0000000000000000E+00  -1.3683508522219615E+01
         1        122   1   0.0000000000000000E+00  -1.6849745283289072E-01   0.0000000000000000E+00  -2.9459956567572288E+01
         1        123   1   0.0000000000000000E+00  -1.6864207329283731E-01   0.0000000000000000E+00  -2.9459705438676856E+01
         1        124   8   0.0000000000000000E+00   3.3711871570500157E-01   0.0000000000000000E+00  -1.3685714778779481E+01
         1        125   1   0.0000000000000000E+00  -1.6846989146392091E-01   0.0000000000000000E+00  -2.9459811305234055E+01
         1        126   1   0.0000000000000000E+00  -1.6870428178816091E-01   0.0000000000000000E+00  -2.9459225367658160E+01
         1        127   8   0.0000000000000000E+00   3.3558458871495939E-01   0.0000000000000000E+00  -1.3682825438240837E+01
         1        128   1   0.0000000000000000E+00  -1.6887365794336431E-01   0.0000000000000000E+00  -2.9460387993179186E+01
         1        129   1   0.0000000000000000E+00  -1.6839532453914013E-01   0.0000000000000000E+00  -2.9457505874885562E+01
         1        130   8   0.0000000000000000E+00   3.3710426047193742E-01   0.0000000000000000E+00  -1.3687520917948948E+01
         1        131   1   0.0000000000000000E+00  -1.6891862915982944E-01   0.0000000000000000E+00  -2.9460514372204322E+01
         1        132   1   0.0000000000000000E+00  -1.6842874146570647E-01   0.0000000000000000E+00  -2.9457823493102243E+01
         1        133   8   0.0000000000000000E+00   3.3726743102433093E-01   0.0000000000000000E+00  -1.3685541843919012E+01
         1        134   1   0.0000000000000000E+00  -1.6845845786660066E-01   0.0000000000000000E+00  -2.9459704329166154E+01
         1        135   1   0.0000000000000000E+00  -1.6851814021459363E-01   0.0000000000000000E+00  -2.9459667064015854E+01
         1        136   8   0.0000000000000000E+00   3.3841175826208009E-01   0.0000000000000000E+00  -1.3690485482378097E+01
         1        137   1   0.0000000000000000E+00  -1.6841174504824719E-01   0.0000000000000000E+00  -2.9458693020405068E+01
         1        138   1   0.0000000000000000E+00  -1.6840077913931867E-01   0.0000000000000000E+00  -2.9458713784510277E+01
         1        139   8   0.0000000000000000E+00   3.3599788976755862E-01   0.0000000000000000E+00  -1.3683282377057981E+01
         1        140   1   0.0000000000000000E+00  -1.6838947420672523E-01   0.0000000000000000E+00  -2.9459527411756774E+01
         1        141   1   0.0000000000000000E+00  -1.6854462671780251E-01   0.0000000000000000E+00  -2.9460426292977029E+01
         1        142   8   0.0000000000000000E+00   3.3756719212556535E-01   0.0000000000000000E+00  -1.3687227524850098E+01
         1        143   1   0.0000000000000000E+00  -1.6817767062667413E-01   0.0000000000000000E+00  -2.9458583212996935E+01
         1        144   1   0.0000000000000000E+00  -1.6848825307587004E-01   0.0000000000000000E+00  -2.9459425928402627E+01
         1        145   8   0.0000000000000000E+00   3.3767955148989554E-01   0.0000000000000000E+00  -1.3688301934479391E+01
         1        146   1   0.0000000000000000E+00  -1.6884562785465512E-01   0.0000000000000000E+00  -2.9456254230917878E+01
         1        147   1   0.0000000000000000E+00  -1.6826739023024639E-01   0.0000000000000000E+00  -2.9459097876388544E+01
         1        148   8   0.0000000000000000E+00   3.3555259654444386E-01   0.0000000000000000E+00  -1.3682347830039006E+01
         1        149   1   0.0000000000000000E+00  -1.6893945707196961E-01   0.0000000000000000E+00  -2.9458677924652374E+01
         1        150   1   0.0000000000000000E+00  -1.6859269723690981E-01   0.0000000000000000E+00  -2.9459422028678905E+01
         1        151   8   0.0000000000000000E+00   3.3763785868141760E-01   0.0000000000000000E+00  -1.3688442632870387E+01
         1        152   1   0.0000000000000000E+00  -1.6802733208497020E-01   0.0000000000000000E+00  -2.9459638515645128E+01
         1        153   1   0.0000000000000000E+00  -1.6866575367075445E-01   0.0000000000000000E+00  -2.9457881513797830E+01
         1        154   8   0.0000000000000000E+00   3.3765951136737893E-01   0.0000000000000000E+00  -1.3687511789938235E+01
         1        155   1   0.0000000000000000E+00  -1.6847382798422908E-01   0.0000000000000000E+00  -2.9460072380454886E+01
         1        156   1   0.0000000000000000E+00  -1.6855011323010125E-01   0.0000000000000000E+00  -2.9461543834829239E+01
         1        157   8   0.0000000000000000E+00   3.3693184692282391E-01   0.0000000000000000E+00  -1.3685224392060142E+01
         1        158   1   0.0000000000000000E+00  -1.6842179031949453E-01   0.0000000000000000E+00  -2.9459799121738346E+01
         1        159   1   0.0000000000000000E+00  -1.6856239994577660E-01   0.0000000000000000E+00  -2.9458981312479626E+01
         1        160   8   0.0000000000000000E+00   3.3728547985369189E-01   0.0000000000000000E+00  -1.3688081663438844E+01
         1        161   1   0.0000000000000000E+00  -1.6865891810662223E-01   0.0000000000000000E+00  -2.9458780696970408E+01
         1        162   1   0.0000000000000000E+00  -1.6841885554481317E-01   0.0000000000000000E+00  -2.9459295698727260E+01
         1        163   8   0.0000000000000000E+00   3.3681066030362511E-01   0.0000000000000000E+00  -1.3685868349813081E+01
         1        164   1   0.0000000000000000E+00  -1.6855849053554384E-01   0.0000000000000000E+00  -2.9459288698171793E+01
         1        165   1   0.0000000000000000E+00  -1.6889865856238714E-01   0.0000000000000000E+00  -2.9458658881964027E+01
         1        166   8   0.0000000000000000E+00   3.3715894370626448E-01   0.0000000000000000E+00  -1.3687159367195932E+01
         1        167   1   0.0000000000000000E+00  -1.6876076123764064E-01   0.0000000000000000E+00  -2.9459506788231749E+01
         1        168   1   0.0000000000000000E+00  -1.6874220855551200E-01   0.0000000000000000E+00  -2.9458654409216539E+01
         1        169   8   0.0000000000000000E+00   3.3586110316786960E-01   0.0000000000000000E+00  -1.3682423760636027E+01
         1        170   1   0.0000000000000000E+00  -1.6835237018565385E-01   0.0000000000000000E+00  -2.9459508872449543E+01
         1        171   1   0.0000000000000000E+00  -1.6849592771635438E-01   0.0000000000000000E+00  -2.9459068932368258E+01
         1        172   8   0.0000000000000000E+00   3.3569405852286865E-01   0.0000000000000000E+00  -1.3682927846637877E+01
         1        173   1   0.0000000000000000E+00  -1.6852983200323188E-01   0.0000000000000000E+00  -2.9459657476075108E+01
         1        174   1   0.0000000000000000E+00  -1.6855584432919002E-01   0.0000000000000000E+00  -2.9459177111654490E+01
         1        175   8   0.0000000000000000E+00   3.3949055486432583E-01   0.0000000000000000E+00  -1.3691867934168140E+01
         1        176   1   0.0000000000000000E+00  -1.6863091607009531E-01   0.0000000000000000E+00  -2.9459541666806206E+01
         1        177   1   0.0000000000000000E+00  -1.6868564563005797E-01   0.0000000000000000E+00  -2.9458502073906644E+01
         1        178   8   0.0000000000000000E+00   3.3771835336652883E-01   0.0000000000000000E+00  -1.3688620015013377E+01
         1        179   1   0.0000000000000000E+00  -1.6830944555452734E-01   0.0000000000000000E+00  -2.9459736494867055E+01
         1        180   1   0.0000000000000000E+00  -1.6869895698827025E-01   0.0000000000000000E+00  -2.9457814870061402E+01
         1        181   8   0.0000000000000000E+00   3.3605195744688077E-01   0.0000000000000000E+00  -1.3685391485582048E+01
         1        182   1   0.0000000000000000E+00  -1.6873761022861583E-01   0.0000000000000000E+00  -2.9459601090793360E+01
         1        183   1   0.0000000000000000E+00  -1.6872020749735034E-01   0.0000000000000000E+00  -2.9458259398705295E+01
         1        184   8   0.0000000000000000E+00   3.3665001455200844E-01   0.0000000000000000E+00  -1.3684902692196548E+01
         1        185   1   0.0000000000000000E+00  -1.6853739283024063E-01   0.0000000000000000E+00  -2.9458579442973260E+01
         1        186   1   0.0000000000000000E+00  -1.6860541022203615E-01   0.0000000000000000E+00  -2.9458894561347407E+01
         1        187   8   0.0000000000000000E+00   3.3723833305210366E-01   0.0000000000000000E+00  -1.3687481547794278E+01
         1        188   1   0.0000000000000000E+00  -1.6853221441706592E-01   0.0000000000000000E+00  -2.9459448751257476E+01
         1        189   1   0.0000000000000000E+00  -1.6862111376793285E-01   0.0000000000000000E+00  -2.9455975660327226E+01
         1        190   8   0.0000000000000000E+00   3.3611561365362647E-01   0.0000000000000000E+00  -1.3683991583730695E+01
         1        191   1   0.0000000000000000E+00  -1.6845164535059709E-01   0.0000000000000000E+00  -2.9460500994693934E+01
         1        192   1   0.0000000000000000E+00  -1.6838915211309460E-01   0.0000000000000000E+00  -2.9459228733961368E+01
         1        193   8   0.0000000000000000E+00   3.3765070630083877E-01   0.0000000000000000E+00  -1.3687649254739128E+01
         1        194   1   0.0000000000000000E+00  -1.6859703138431278E-01   0.0000000000000000E+00  -2.9459083220819426E+01
         1        195   1   0.0000000000000000E+00  -1.6859528583470496E-01   0.0000000000000000E+00  -2.9459105889376172E+01
         1        196   8   0.0000000000000000E+00   3.3775229068755042E-01   0.0000000000000000E+00  -1.3687258753954850E+01
         1        197   1   0.0000000000000000E+00  -1.6853764142716532E-01   0.0000000000000000E+00  -2.9458165644426373E+01
         1        198   1   0.0000000000000000E+00  -1.6859673183212953E-01   0.0000000000000000E+00  -2.9460581494672429E+01
         1        199   8   0.0000000000000000E+00   3.3732658253890424E-01   0.0000000000000000E+00  -1.3688081309746249E+01
         1        200   1   0.0000000000000000E+00  -1.6851690023024293E-01   0.0000000000000000E+00  -2.9458973557851859E+01
         1        201   1   0.0000000000000000E+00  -1.6845033084841357E-01   0.0000000000000000E+00  -2.9459691944921829E+01
         1        202   8   0.0000000000000000E+00   3.3771061510005995E-01   0.0000000000000000E+00  -1.3687947307969829E+01
         1        203   1   0.0000000000000000E+00  -1.6795978687020807E-01   0.0000000000000000E+00  -2.9460307606463005E+01
         1        204   1   0.0000000000000000E+00  -1.6843171155670653E-01   0.0000000000000000E+00  -2.9458502416654916E+01
         1        205   8   0.0000000000000000E+00   3.3746918715684326E-01   0.0000000000000000E+00  -1.3687579892855616E+01
         1        206   1   0.0000000000000000E+00  -1.6823809928365951E-01   0.0000000000000000E+00  -2.9460240665497764E+01
         1        207   1   0.0000000000000000E+00  -1.6869733609877946E-01   0.0000000000000000E+00  -2.9459190671816096E+01
         1        208   8   0.0000000000000000E+00   3.3651470872341349E-01   0.0000000000000000E+00  -1.3685685197950349E+01
         1        209   1   0.0000000000000000E+00  -1.6826895372527489E-01   0.0000000000000000E+00  -2.9460214236032407E+01
         1        210   1   0.0000000000000000E+00  -1.6864608012397139E-01   0.0000000000000000E+00  -2.9458435190435459E+01
         1        211   8   0.0000000000000000E+00   3.3678991288548316E-01   0.0000000000000000E+00  -1.3685581151887391E+01
         1        212   1   0.0000000000000000E+00  -1.6868653345717483E-01   0.0000000000000000E+00  -2.9459394710091914E+01
         1        213   1   0.0000000000000000E+00  -1.6805692777122946E-01   0.0000000000000000E+00  -2.9458814748409758E+01
         1        214   8   0.0000000000000000E+00   3.3671380439869664E-01   0.0000000000000000E+00  -1.3685484192387079E+01
         1        215   1   0.0000000000000000E+00  -1.6849102392309501E-01   0.0000000000000000E+00  -2.9459106153811998E+01
         1        216   1   0.0000000000000000E+00  -1.6829951005442947E-01   0.0000000000000000E+00  -2.9459134728370955E+01
         1        217   8   0.0000000000000000E+00   3.3694941091527619E-01   0.0000000000000000E+00  -1.3686420370103558E+01
         1        218   1   0.0000000000000000E+00  -1.6848650021617304E-01   0.0000000000000000E+00  -2.9461483473194114E+01
         1        219   1   0.0000000000000000E+00  -1.6836123471238565E-01   0.0000000000000000E+00  -2.9458270275563482E+01
         1        220   8   0.0000000000000000E+00   3.3672900922090349E-01   0.0000000000000000E+00  -1.3685642842326327E+01
         1        221   1   0.0000000000000000E+00  -1.6837088918567933E-01   0.0000000000000000E+00  -2.9459171249578585E+01
         1        222   1   0.0000000000000000E+00  -1.6871811640292669E-01   0.0000000000000000E+00  -2.9458596153618259E+01
         1        223   8   0.0000000000000000E+00   3.3800299084493041E-01   0.0000000000000000E+00  -1.3688944243518762E+01
         1        224   1   0.0000000000000000E+00  -1.6837958736879854E-01   0.0000000000000000E+00  -2.9459984039177073E+01
         1        225   1   0.0000000000000000E+00  -1.6870312645272104E-01   0.0000000000000000E+00  -2.9458660817720428E+01
         1        226   8   0.0000000000000000E+00   3.3705335209906273E-01   0.0000000000000000E+00  -1.3685049441585253E+01
         1        227   1   0.0000000000000000E+00  -1.6828897421286201E-01   0.0000000000000000E+00  -2.9458030889874276E+01
         1        228   1   0.0000000000000000E+00  -1.6854081865358325E-01   0.0000000000000000E+00  -2.9458972570397290E+01
         1        229   8   0.0000000000000000E+00   3.3666695619243869E-01   0.0000000000000000E+00  -1.3686519699012401E+01
         1        230   1   0.0000000000000000E+00  -1.6832778165229800E-01   0.0000000000000000E+00  -2.9458804861558903E+01
         1        231   1   0.0000000000000000E+00  -1.6881130381156462E-01   0.0000000000000000E+00  -2.9458266872037395E+01
         1        232   8   0.0000000000000000E+00   3.3627060431585049E-01   0.0000000000000000E+00  -1.3685893860267683E+01
         1        233   1   0.0000000000000000E+00  -1.6856113618529434E-01   0.0000000000000000E+00  -2.9457366360485789E+01
         1        234   1   0.0000000000000000E+00  -1.6878716716161649E-01   0.0000000000000000E+00  -2.9460239208424269E+01
         1        235   8   0.0000000000000000E+00   3.3785864158705259E-01   0.0000000000000000E+00  -1.3688203221510047E+01
         1        236   1   0.0000000000000000E+00  -1.6847227107944102E-01   0.0000000000000000E+00  -2.9459548695795487E+01
         1        237   1   0.0000000000000000E+00  -1.6817368944785796E-01   0.0000000000000000E+00  -2.9459654454659908E+01
         1        238   8   0.0000000000000000E+00   3.3745391761136306E-01   0.0000000000000000E+00  -1.3687076348453573E+01
         1        239   1   0.0000000000000000E+00  -1.6870515873704664E-01   0.0000000000000000E+00  -2.9459382891039731E+01
         1        240   1   0.0000000000000000E+00  -1.6842991524406012E-01   0.0000000000000000E+00  -2.9457296005541370E+01
         1        241   8   0.0000000000000000E+00   3.3840484006475036E-01   0.0000000000000000E+00  -1.3691067664464349E+01
         1        242   1   0.0000000000000000E+00  -1.6846104282268720E-01   0.0000000000000000E+00  -2.9459393128255339E+01
         1        243   1   0.0000000000000000E+00  -1.6881939876507709E-01   0.0000000000000000E+00  -2.9459808390680951E+01
         1        244   8   0.0000000000000000E+00   3.3841177367256764E-01   0.0000000000000000E+00  -1.3689177331172314E+01
         1        245   1   0.0000000000000000E+00  -1.6889659836756576E-01   0.0000000000000000E+00  -2.9459214923452937E+01
         1        246   1   0.0000000000000000E+00  -1.6852865715859452E-01   0.0000000000000000E+00  -2.9459887242448509E+01
         1        247   8   0.0000000000000000E+00   3.3673074248802570E-01   0.0000000000000000E+00  -1.3685664809477828E+01
         1        248   1   0.0000000000000000E+00  -1.6836065078921894E-01   0.0000000000000000E+00  -2.9459251697013503E+01
         1        249   1   0.0000000000000000E+00  -1.6872152479599942E-01   0.0000000000000000E+00  -2.9458140797411179E+01
         1        250   8   0.0000000000000000E+00   3.3604740613562339E-01   0.0000000000000000E+00  -1.3684713906394883E+01
         1        251   1   0.0000000000000000E+00  -1.6871272344934637E-01   0.0000000000000000E+00  -2.9457799356475711E+01
         1        252   1   0.0000000000000000E+00  -1.6898766996505521E-01   0.0000000000000000E+00  -2.9457230431847467E+01
         1        253   8   0.0000000000000000E+00   3.3737806746726506E-01   0.0000000000000000E+00  -1.3687991035076625E+01
         1        254   1   0.0000000000000000E+00  -1.6852838421498054E-01   0.0000000000000000E+00  -2.9459213809198534E+01
         1        255   1   0.0000000000000000E+00  -1.6816358395991507E-01   0.0000000000000000E+00  -2.9459729382753856E+01
         1        256   8   0.0000000000000000E+00   3.3850336881909426E-01   0.0000000000000000E+00  -1.3689203582480431E+01
         1        257   1   0.0000000000000000E+00  -1.6879077999978875E-01   0.0000000000000000E+00  -2.9457822635993143E+01
         1        258   1   0.0000000000000000E+00  -1.6879428629172194E-01   0.0000000000000000E+00  -2.9458463461948540E+01
         1        259   8   0.0000000000000000E+00   3.3701601315541779E-01   0.0000000000000000E+00  -1.3685791067569561E+01
         1        260   1   0.0000000000000000E+00  -1.6846968347211924E-01   0.0000000000000000E+00  -2.9459372743541191E+01
         1        261   1   0.0000000000000000E+00  -1.6863381646777711E-01   0.0000000000000000E+00  -2.9459004372607161E+01
         1        262   8   0.0000000000000000E+00   3.3710261480215792E-01   0.0000000000000000E+00  -1.3686872046432637E+01
         1        263   1   0.0000000000000000E+00  -1.6850233617500890E-01   0.0000000000000000E+00  -2.9459234477285104E+01
         1        264   1   0.0000000000000000E+00  -1.6843937260467556E-01   0.0000000000000000E+00  -2.9459681525890009E+01
         1        265   8   0.0000000000000000E+00   3.3748365423038929E-01   0.0000000000000000E+00  -1.3687364646516592E+01
         1        266   1   0.0000000000000000E+00  -1.6861027736842224E-01   0.0000000000000000E+00  -2.9459841844402469E+01
         1        267   1   0.0000000000000000E+00  -1.6872065580641038E-01   0.0000000000000000E+00  -2.9457575691599519E+01
         1        268   8   0.0000000000000000E+00   3.3679008869790567E-01   0.0000000000000000E+00  -1.3685791935129735E+01
         1        269   1   0.0000000000000000E+00  -1.6865918663333124E-01   0.0000000000000000E+00  -2.9460355423428290E+01
         1        270   1   0.0000000000000000E+00  -1.6879948335859421E-01   0.0000000000000000E+00  -2.9458375925476922E+01
         1        271   8   0.0000000000000000E+00   3.3675900362800082E-01   0.0000000000000000E+00  -1.3686091203394852E+01
         1        272   1   0.0000000000000000E+00  -1.6866312895543134E-01   0.0000000000000000E+00  -2.9460422237715985E+01
         1        273   1   0.0000000000000000E+00  -1.6865007091310433E-01   0.0000000000000000E+00  -2.9457829241429476E+01
         1        274   8   0.0000000000000000E+00   3.3674175136605577E-01   0.0000000000000000E+00  -1.3685229718996062E+01
         1        275   1   0.0000000000000000E+00  -1.6841755037694472E-01   0.0000000000000000E+00  -2.9461369884670958E+01
         1        276   1   0.0000000000000000E+00  -1.6849829705600247E-01   0.0000000000000000E+00  -2.9460214740977541E+01
         1        277   8   0.0000000000000000E+00   3.3539208640367302E-01   0.0000000000000000E+00  -1.3682566742365395E+01
         1        278   1   0.0000000000000000E+00  -1.6855639489456231E-01   0.0000000000000000E+00  -2.9460525358656220E+01
         1        279   1   0.0000000000000000E+00  -1.6822611637655477E-01   0.0000000000000000E+00  -2.9458657828597673E+01
         1        280   8   0.0000000000000000E+00   3.3808870632670190E-01   0.0000000000000000E+00  -1.3688664631651591E+01
         1        281   1   0.0000000000000000E+00  -1.6864740945857062E-01   0.0000000000000000E+00  -2.9459358737040400E+01
         1        282   1   0.0000000000000000E+00  -1.6815209086318761E-01   0.0000000000000000E+00  -2.9458295950408530E+01
         1        283   8   0.0000000000000000E+00   3.3824683065149275E-01   0.0000000000000000E+00  -1.3690290271245079E+01
         1        284   1   0.0000000000000000E+00  -1.6844438773394727E-01   0.0000000000000000E+00  -2.9459190826511023E+01
         1        285   1   0.0000000000000000E+00  -1.6879503999761164E-01   0.0000000000000000E+00  -2.9458668708858870E+01
         1        286   8   0.0000000000000000E+00   3.3830163443012662E-01   0.0000000000000000E+00  -1.3690028398236567E+01
         1        287   1   0.0000000000000000E+00  -1.6851679863678526E-01   0.0000000000000000E+00  -2.9458532034370695E+01
         1        288   1   0.0000000000000000E+00  -1.6854730449608016E-01   0.0000000000000000E+00  -2.9459075731853009E+01
         1        289   8   0.0000000000000000E+00   3.3550155540808735E-01   0.0000000000000000E+00  -1.3682173521451325E+01
         1        290   1   0.0000000000000000E+00  -1.6831034721641960E-01   0.0000000000000000E+00  -2.9458700310571320E+01
         1        291   1   0.0000000000000000E+00  -1.6820672559839581E-01   0.0000000000000000E+00  -2.9459664623608532E+01
         1        292   8   0.0000000000000000E+00   3.3647356465797895E-01   0.0000000000000000E+00  -1.3684918069892252E+01
         1        293   1   0.0000000000000000E+00  -1.6849812736719896E-01   0.0000000000000000E+00  -2.9458839485044326E+01
         1        294   1   0.0000000000000000E+00  -1.6876646742244211E-01   0.0000000000000000E+00  -2.9458404966008548E+01
         1        295   8   0.0000000000000000E+00   3.3669566969734832E-01   0.0000000000000000E+00  -1.3685773437944079E+01
         1        296   1   0.0000000000000000E+00  -1.6857523553133191E-01   0.0000000000000000E+00  -2.9458771392395224E+01
         1        297   1   0.0000000000000000E+00  -1.6850021452711519E-01   0.0000000000000000E+00  -2.9462043985075429E+01
         1        298   8   0.0000000000000000E+00   3.3575525469614520E-01   0.0000000000000000E+00  -1.3682668409554235E+01
         1        299   1   0.0000000000000000E+00  -1.6870103626129215E-01   0.0000000000000000E+00  -2.9458887146625180E+01
         1        300   1   0.0000000000000000E+00  -1.6839558316422823E-01   0.0000000000000000E+00  -2.9458626287544128E+01
         1        301   8   0.0000000000000000E+00   3.3574441271084465E-01   0.0000000000000000E+00  -1.3683016701303032E+01
         1        302   1   0.0000000000000000E+00  -1.6852648192027783E-01   0.0000000000000000E+00  -2.9459361332866109E+01
         1        303   1   0.0000000000000000E+00  -1.6857210594290165E-01   0.0000000000000000E+00  -2.9458973750497968E+01
         1        304   8   0.0000000000000000E+00   3.3602699305055206E-01   0.0000000000000000E+00  -1.3684260686119071E+01
         1        305   1   0.0000000000000000E+00  -1.6858747139004607E-01   0.0000000000000000E+00  -2.9460030816870837E+01
         1        306   1   0.0000000000000000E+00  -1.6814370827957198E-01   0.0000000000000000E+00  -2.9457835948943753E+01
         1        307   8   0.0000000000000000E+00   3.3674441325129695E-01   0.0000000000000000E+00  -1.3685271555432053E+01
         1        308   1   0.0000000000000000E+00  -1.6857925247868316E-01   0.0000000000000000E+00  -2.9457341767666428E+01
         1        309   1   0.0000000000000000E+00  -1.6849766438955624E-01   0.0000000000000000E+00  -2.9458364691308290E+01
         1        310   8   0.0000000000000000E+00   3.3739079967187297E-01   0.0000000000000000E+00  -1.3688303033993353E+01
         1        311   1   0.0000000000000000E+00  -1.6864038239567533E-01   0.0000000000000000E+00  -2.9459979966607261E+01
         1        312   1   0.0000000000000000E+00  -1.6853388728099514E-01   0.0000000000000000E+00  -2.9459765997679501E+01
         1        313   8   0.0000000000000000E+00   3.3768798644453218E-01   0.0000000000000000E+00  -1.3687222824081875E+01
         1        314   1   0.0000000000000000E+00  -1.6849925846616040E-01   0.0000000000000000E+00  -2.9456692438166595E+01
         1        315   1   0.0000000000000000E+00  -1.6871647096968020E-01   0.0000000000000000E+00  -2.9457366369916411E+01
         1        316   8   0.0000000000000000E+00   3.3653420506653253E-01   0.0000000000000000E+00  -1.3685392355540412E+01
         1        317   1   0.0000000000000000E+00  -1.6842328963304057E-01   0.0000000000000000E+00  -2.9459381394770194E+01
         1        318   1   0.0000000000000000E+00  -1.6852335802170818E-01   0.0000000000000000E+00  -2.9460008191311370E+01
         1        319   8   0.0000000000000000E+00   3.3707862526856797E-01   0.0000000000000000E+00  -1.3688006192829405E+01
         1        320   1   0.0000000000000000E+00  -1.6849113601477167E-01   0.0000000000000000E+00  -2.9458524606676423E+01
         1        321   1   0.0000000000000000E+00  -1.6893060789880471E-01   0.0000000000000000E+00  -2.9459300780665345E+01
         1        322   8   0.0000000000000000E+00   3.3637825146543004E-01   0.0000000000000000E+00  -1.3685260801136447E+01
         1        323   1   0.0000000000000000E+00  -1.6855505748213309E-01   0.0000000000000000E+00  -2.9459006195037425E+01
         1        324   1   0.0000000000000000E+00  -1.6871191611988479E-01   0.0000000000000000E+00  -2.9458872686935603E+01
         1        325   8   0.0000000000000000E+00   3.3717096306737682E-01   0.0000000000000000E+00  -1.3685473087577460E+01
         1        326   1   0.0000000000000000E+00  -1.6863325773282700E-01   0.0000000000000000E+00  -2.9459951861822528E+01
         1        327   1   0.0000000000000000E+00  -1.6828700427001364E-01   0.0000000000000000E+00  -2.9458891448510002E+01
         1        328   8   0.0000000000000000E+00   3.3789289951245216E-01   0.0000000000000000E+00  -1.3687897514333464E+01
         1        329   1   0.0000000000000000E+00  -1.6839399692453877E-01   0.0000000000000000E+00  -2.9461141160873872E+01
         1        330   1   0.0000000000000000E+00  -1.6832623783507483E-01   0.0000000000000000E+00  -2.9459585865334816E+01
         1        331   8   0.0000000000000000E+00   3.3675430570783560E-01   0.0000000000000000E+00  -1.3684633022157293E+01
         1        332   1   0.0000000000000000E+00  -1.6869589393093590E-01   0.0000000000000000E+00  -2.9459165715405117E+01
         1        333   1   0.0000000000000000E+00  -1.6815775253408002E-01   0.0000000000000000E+00  -2.9459877004552773E+01
         1        334   8   0.0000000000000000E+00   3.3684833984960300E-01   0.0000000000000000E+00  -1.3686881909850538E+01
         1        335   1   0.0000000000000000E+00  -1.6876281872341489E-01   0.0000000000000000E+00  -2.9458548384506006E+01
         1        336   1   0.0000000000000000E+00  -1.6827260011670550E-01   0.0000000000000000E+00  -2.9459676161969917E+01
         1        337   8   0.0000000000000000E+00   3.3802674528253107E-01   0.0000000000000000E+00  -1.3689952261986985E+01
         1        338   1   0.0000000000000000E+00  -1.6867903765026085E-01   0.0000000000000000E+00  -2.9459326126224830E+01
         1        339   1   0.0000000000000000E+00  -1.6855411069699591E-01   0.0000000000000000E+00  -2.9457538458776458E+01
         1        340   8   0.0000000000000000E+00   3.3808098658298180E-01   0.0000000000000000E+00  -1.3690002342073385E+01
         1        341   1   0.0000000000000000E+00  -1.6826499350260113E-01   0.0000000000000000E+00  -2.9458902134333655E+01
         1        342   1   0.0000000000000000E+00  -1.6835343180364007E-01   0.0000000000000000E+00  -2.9458791394476290E+01
         1        343   8   0.0000000000000000E+00   3.3691285353709605E-01   0.0000000000000000E+00  -1.3684883734415017E+01
         1        344   1   0.0000000000000000E+00  -1.6827630328983079E-01   0.0000000000000000E+00  -2.9458857867515750E+01
         1        345   1   0.0000000000000000E+00  -1.6881006288011130E-01   0.0000000000000000E+00  -2.9459581741038185E+01
         1        346   8   0.0000000000000000E+00   3.3554854432521880E-01   0.0000000000000000E+00  -1.3682548380368942E+01
         1        347   1   0.0000000000000000E+00  -1.6856542235635602E-01   0.0000000000000000E+00  -2.9460222844975160E+01
         1        348   1   0.0000000000000000E+00  -1.6846503134735138E-01   0.0000000000000000E+00  -2.9457785066067746E+01
         1        349   8   0.0000000000000000E+00   3.3688477267159467E-01   0.0000000000000000E+00  -1.3687897509412352E+01
         1        350   1   0.0000000000000000E+00  -1.6868761854401329E-01   0.0000000000000000E+00  -2.9458963842850167E+01
         1        351   1   0.0000000000000000E+00  -1.6878244818043711E-01   0.0000000000000000E+00  -2.9458308253688966E+01
         1        352   8   0.0000000000000000E+00   3.3760517408716817E-01   0.0000000000000000E+00  -1.3688239538801696E+01
         1        353   1   0.0000000000000000E+00  -1.6850385039748586E-01   0.0000000000000000E+00  -2.9459707645014237E+01
         1        354   1   0.0000000000000000E+00  -1.6845990004178477E-01   0.0000000000000000E+00  -2.9458162064928537E+01
         1        355   8   0.0000000000000000E+00   3.3623577925755860E-01   0.0000000000000000E+00  -1.3684655359439816E+01
         1        356   1   0.0000000000000000E+00  -1.6809623428772585E-01   0.0000000000000000E+00  -2.9459927050820806E+01
         1        357   1   0.0000000000000000E+00  -1.6871104898951908E-01   0.0000000000000000E+00  -2.9459031596084188E+01
         1        358   8   0.0000000000000000E+00   3.3824035203014041E-01   0.0000000000000000E+00  -1.3688527987586149E+01
         1        359   1   0.0000000000000000E+00  -1.6854347569416833E-01   0.0000000000000000E+00  -2.9459739419515454E+01
         1        360   1   0.0000000000000000E+00  -1.6872381859078225E-01   0.0000000000000000E+00  -2.9458966381182275E+01
         1        361   8   0.0000000000000000E+00   3.3717867397339746E-01   0.0000000000000000E+00  -1.3686804814334774E+01
         1        362   1   0.0000000000000000E+00  -1.6880815289983345E-01   0.0000000000000000E+00  -2.9458293146756240E+01
         1        363   1   0.0000000000000000E+00  -1.6860728334490319E-01   0.0000000000000000E+00  -2.9459324094394997E+01
         1        364   8   0.0000000000000000E+00   3.3636329027625189E-01   0.0000000000000000E+00  -1.3685160296895855E+01
         1        365   1   0.0000000000000000E+00  -1.6875745574121942E-01   0.0000000000000000E+00  -2.9459312951763234E+01
         1        366   1   0.0000000000000000E+00  -1.6839008462966110E-01   0.0000000000000000E+00  -2.9459269470459095E+01
         1        367   8   0.0000000000000000E+00   3.3794601906122779E-01   0.0000000000000000E+00  -1.3688800106173471E+01
         1        368   1   0.0000000000000000E+00  -1.6836492952890500E-01   0.0000000000000000E+00  -2.9457780127307547E+01
         1        369   1   0.0000000000000000E+00  -1.6816480988312288E-01   0.0000000000000000E+00  -2.9459941469387449E+01
         1        370   8   0.0000000000000000E+00   3.3719644146464173E-01   0.0000000000000000E+00  -1.3687302638647530E+01
         1        371   1   0.0000000000000000E+00  -1.6862266789318903E-01   0.0000000000000000E+00  -2.9459809646755669E+01
         1        372   1   0.0000000000000000E+00  -1.6859168231449145E-01   0.0000000000000000E+00  -2.9458198496505332E+01
         1        373   8   0.0000000000000000E+00   3.3651521533387024E-01   0.0000000000000000E+00  -1.3685061545667544E+01
         1        374   1   0.0000000000000000E+00  -1.6832343807166636E-01   0.0000000000000000E+00  -2.9461671366389275E+01
         1        375   1   0.0000000000000000E+00  -1.6872240145818584E-01   0.0000000000000000E+00  -2.9458515301627425E+01
         1        376   8   0.0000000000000000E+00   3.3871747755741810E-01   0.0000000000000000E+00  -1.3690634048478529E+01
         1        377   1   0.0000000000000000E+00  -1.6841972844916567E-01   0.0000000000000000E+00  -2.9460131086633606E+01
         1        378   1   0.0000000000000000E+00  -1.6882247099617131E-01   0.0000000000000000E+00  -2.9457340272519492E+01
         1        379   8   0.0000000000000000E+00   3.3579989175695069E-01   0.0000000000000000E+00  -1.3682374271039855E+01
         1        380   1   0.0000000000000000E+00  -1.6869345217225390E-01   0.0000000000000000E+00  -2.9460945862389870E+01
         1        381   1   0.0000000000000000E+00  -1.6830445759445950E-01   0.0000000000000000E+00  -2.9458256778681406E+01
         1        382   8   0.0000000000000000E+00   3.3704924378241680E-01   0.0000000000000000E+00  -1.3686567297329844E+01
         1        383   1   0.0000000000000000E+00  -1.6853466863617292E-01   0.0000000000000000E+00  -2.9459716527190757E+01
         1        384   1   0.0000000000000000E+00  -1.6889760968506262E-01   0.0000000000000000E+00  -2.9459475694277685E+01
         2          1   8   0.0000000000000000E+00   3.3767571200631608E-01   0.0000000000000000E+00  -1.3688221182888100E+01
         2          2   1   0.0000000000000000E+00  -1.6834198883435422E-01   0.0000000000000000E+00  -2.9458737399583399E+01
         2          3   1   0.0000000000000000E+00  -1.6830692974773542E-01   0.0000000000000000E+00  -2.9459793987910324E+01
         2          4   8   0.0000000000000000E+00   3.3618751001290675E-01   0.0000000000000000E+00  -1.3683781182326136E+01
         2          5   1   0.0000000000000000E+00  -1.6830909654815049E-01   0.0000000000000000E+00  -2.9460037475648924E+01
         2          6   1   0.0000000000000000E+00  -1.6864303172437323E-01   0.0000000000000000E+00  -2.9459411064457445E+01
         2          7   8   0.0000000000000000E+00   3.3670260177418293E-01   0.0000000000000000E+00  -1.3685342961259884E+01
         2          8   1   0.0000000000000000E+00  -1.6854125224759239E-01   0.0000000000000000E+00  -2.9458762886452103E+01
         2          9   1   0.0000000000000000E+00  -1.6861575166848813E-01   0.0000000000000000E+00  -2.9458608526071142E+01
         2         10   8   0.0000000000000000E+00   3.3850587962619044E-01   0.0000000000000000E+00  -1.3690761788395456E+01
         2         11   1   0.0000000000000000E+00  -1.6853760339757101E-01   0.0000000000000000E+00  -2.9459835189397094E+01
         2         12   1   0.0000000000000000E+00  -1.6877208841355934E-01   0.0000000000000000E+00  -2.9456424998723371E+01
         2         13   8   0.0000000000000000E+00   3.3651576063599908E-01   0.0000000000000000E+00  -1.3685495983933201E+01
         2         14   1   0.0000000000000000E+00  -1.6875309707077485E-01   0.0000000000000000E+00  -2.9459313796769141E+01
         2         15   1   0.0000000000000000E+00  -1.6828081349656049E-01   0.0000000000000000E+00  -2.9459333533166500E+01
         2         16   8   0.0000000000000000E+00   3.3780981603610383E-01   0.0000000000000000E+00  -1.3688122937474962E+01
         2         17   1   0.0000000000000000E+00  -1.6853767788473206E-01   0.0000000000000000E+00  -2.9459912889948448E+01
         2         18   1   0.0000000000000000E+00  -1.6868082141640151E-01   0.0000000000000000E+00  -2.9460425478351805E+01
         2         19   8   0.0000000000000000E+00   3.3714988883295793E-01   0.0000000000000000E+00  -1.3686317252572927E+01
         2         20   1   0.0000000000000000E+00  -1.6872922538738380E-01   0.0000000000000000E+00  -2.9459326209953129E+01
         2         21   1   0.0000000000000000E+00  -1.6842484909246166E-01   0.0000000000000000E+00  -2.9459308524468170E+01
         2         22   8   0.0000000000000000E+00   3.3717233000179636E-01   0.0000000000000000E+00  -1.3687181871907047E+01
         2         23   1   0.0000000000000000E+00  -1.6858882042409176E-01   0.0000000000000000E+00  -2.9458884043084677E+01
         2         24   1   0.0000000000000000E+00  -1.6866547727080441E-01   0.0000000000000000E+00  -2.9459209834752777E+01
         2         25   8   0.0000000000000000E+00   3.3679959177486496E-01   0.0000000000000000E+00  -1.3686191558159113E+01
         2         26   1   0.0000000000000000E+00  -1.6848632133789998E-01   0.0000000000000000E+00  -2.9461226993760086E+01
         2         27   1   0.0000000000000000E+00  -1.6803617313642980E-01   0.0000000000000000E+00  -2.9459157729427019E+01
         2         28   8   0.0000000000000000E+00   3.3753414850248903E-01   0.0000000000000000E+00  -1.3688205134710230E+01
         2         29   1   0.0000000000000000E+00  -1.6860552515515081E-01   0.0000000000000000E+00  -2.9458660229129030E+01
         2         30   1   0.0000000000000000E+00  -1.6859613358705625E-01   0.0000000000000000E+00  -2.9459037540684971E+01
         2         31   8   0.0000000000000000E+00   3.3787302610359315E-01   0.0000000000000000E+00  -1.3688917102042279E+01
         2         32   1   0.0000000000000000E+00  -1.6848858266239941E-01   0.0000000000000000E+00  -2.9458943914516990E+01
         2         33   1   0.0000000000000000E+00  -1.6844509485880640E-01   0.0000000000000000E+00  -2.9458171401714406E+01
         2         34   8   0.0000000000000000E+00   3.3599080770423573E-01   0.0000000000000000E+00  -1.3683981576367966E+01
         2         35   1   0.0000000000000000E+00  -1.6848080673246879E-01   0.0000000000000000E+00  -2.9458854850248471E+01
         2         36   1   0.0000000000000000E+00  -1.6872993811440237E-01   0.0000000000000000E+00  -2.9457942503372255E+01
         2         37   8   0.0000000000000000E+00   3.3617588444555557E-01   0.0000000000000000E+00  -1.3684589532710032E+01
         2         38   1   0.0000000000000000E+00  -1.6854824276792402E-01   0.0000000000000000E+00  -2.9460276616440037E+01
         2         39   1   0.0000000000000000E+00  -1.6822888888193926E-01   0.0000000000000000E+00  -2.9459768848459174E+01
         2         40   8   0.0000000000000000E+00   3.3617734290456130E-01   0.0000000000000000E+00  -1.3683663085129577E+01
         2         41   1   0.0000000000000000E+00  -1.6838519960519488E-01   0.0000000000000000E+00  -2.9458447010781406E+01
         2         42   1   0.0000000000000000E+00  -1.6847425419267917E-01   0.0000000000000000E+00  -2.9458699374889502E+01
         2         43   8   0.0000000000000000E+00   3.3648299775581281E-01   0.0000000000000000E+00  -1.3684742218390706E+01
         2         44   1   0.0000000000000000E+00  -1.6917815173840162E-01   0.0000000000000000E+00  -2.9458235829658438E+01
         2         45   1   0.0000000000000000E+00  -1.6864160294363506E-01   0.0000000000000000E+00  -2.9458108571136588E+01
         2         46   8   0.0000000000000000E+00   3.3748554770565997E-01   0.0000000000000000E+00  -1.3687734230445898E+01
         2         47   1   0.0000000000000000E+00  -1.6864098944690653E-01   0.0000000000000000E+00  -2.9459249656861413E+01
         2         48   1   0.0000000000000000E+00  -1.6842626560445353E-01   0.0000000000000000E+00  -2.9457753484442499E+01
         2         49   8   0.0000000000000000E+00   3.3734605148478886E-01   0.0000000000000000E+00  -1.3688489024826993E+01
         2         50   1   0.0000000000000000E+00  -1.6867231182487527E-01   0.0000000000000000E+00  -2.9460069984470305E+01
         2         51   1   0.0000000000000000E+00  -1.6844795579743455E-01   0.0000000000000000E+00  -2.9458588890295704E+01
         2         52   8   0.0000000000000000E+00   3.3760064146019997E-01   0.0000000000000000E+00  -1.3688370796720683E+01
         2         53   1   0.0000000000000000E+00  -1.6864873959282614E-01   0.0000000000000000E+00  -2.9459442634532767E+01
         2         54   1   0.0000000000000000E+00  -1.6859099836171948E-01   0.0000000000000000E+00  -2.9459679955723402E+01
         2         55   8   0.0000000000000000E+00   3.3726272462758444E-01   0.0000000000000000E+00  -1.3686324634743269E+01
         2         56   1   0.0000000000000000E+00  -1.6833235561641446E-01   0.0000000000000000E+00  -2.9461282312513074E+01
         2         57   1   0.0000000000000000E+00  -1.6787854493117096E-01   0.0000000000000000E+00  -2.9458166506591922E+01
         2         58   8   0.0000000000000000E+00   3.3620686696238089E-01   0.0000000000000000E+00  -1.3683146210307214E+01
         2         59   1   0.0000000000000000E+00  -1.6830006917004245E-01   0.0000000000000000E+00  -2.9459515890564404E+01
         2         60   1   0.0000000000000000E+00  -1.6840591607619187E-01   0.0000000000000000E+00  -2.9458386783869951E+01
         2         61   8   0.0000000000000000E+00   3.3571535095826105E-01   0.0000000000000000E+00  -1.3683816411396720E+01
         2         62   1   0.0000000000000000E+00  -1.6847393798284582E-01   0.0000000000000000E+00  -2.9459069181670280E+01
         2         63   1   0.0000000000000000E+00  -1.6860388957755182E-01   0.0000000000000000E+00  -2.9459509862684861E+01
         2         64   8   0.0000000000000000E+00   3.3623053704468253E-01   0.0000000000000000E+00  -1.3685189772917912E+01
         2         65   1   0.0000000000000000E+00  -1.6859668663375765E-01   0.0000000000000000E+00  -2.9459768604177988E+01
         2         66   1   0.0000000000000000E+00  -1.6867935042374396E-01   0.0000000000000000E+00  -2.9458056108941896E+01
         2         67   8   0.0000000000000000E+00   3.3774970559476686E-01   0.0000000000000000E+00  -1.3687668242718182E+01
         2         68   1   0.0000000000000000E+00  -1.6825731684441539E-01   0.0000000000000000E+00  -2.9458911527933818E+01
         2         69   1   0.0000000000000000E+00  -1.6861530926822912E-01   0.0000000000000000E+00  -2.9460209446114838E+01
         2         70   8   0.0000000000000000E+00   3.3755970802055912E-01   0.0000000000000000E+00  -1.3687302254419443E+01
         2         71   1   0.0000000000000000E+00  -1.6835719510760774E-01   0.0000000000000000E+00  -2.9460494369005676E+01
         2         72   1   0.0000000000000000E+00  -1.6850521321069464E-01   0.0000000000000000E+00  -2.9459866947229173E+01
         2         73   8   0.0000000000000000E+00   3.3706489905892656E-01   0.0000000000000000E+00  -1.3685427695343300E+01
         2         74   1   0.0000000000000000E+00  -1.6882649230493624E-01   0.0000000000000000E+00  -2.9459635225583476E+01
         2         75   1   0.0000000000000000E+00  -1.6844583329748214E-01   0.0000000000000000E+00  -2.9459116300181762E+01
         2         76   8   0.0000000000000000E+00   3.3680688534499148E-01   0.0000000000000000E+00  -1.3685905086199753E+01
         2         77   1   0.0000000000000000E+00  -1.6870043487401820E-01   0.0000000000000000E+00  -2.9459348143216751E+01
         2         78   1   0.0000000000000000E+00  -1.6848785519403581E-01   0.0000000000000000E+00  -2.9457643978717773E+01
         2         79   8   0.0000000000000000E+00   3.3584785016447183E-01   0.0000000000000000E+00  -1.3683138535988519E+01
         2         80   1   0.0000000000000000E+00  -1.6809911224635410E-01   0.0000000000000000E+00  -2.9459195541711054E+01
         2         81   1   0.0000000000000000E+00  -1.6836886203165433E-01   0.0000000000000000E+00  -2.9459462790138801E+01
         2         82   8   0.0000000000000000E+00   3.3929376463278499E-01   0.0000000000000000E+00  -1.3691124962756618E+01
         2         83   1   0.0000000000000000E+00  -1.6775674226447582E-01   0.0000000000000000E+00  -2.9458800334090679E+01
         2         84   1   0.0000000000000000E+00  -1.6848539254350695E-01   0.0000000000000000E+00  -2.9458948576935168E+01
         2         85   8   0.0000000000000000E+00   3.3638675616305402E-01   0.0000000000000000E+00  -1.3684947171644900E+01
         2         86   1   0.0000000000000000E+00  -1.6828494077011866E-01   0.0000000000000000E+00  -2.9457508588842128E+01
         2         87   1   0.0000000000000000E+00  -1.6888297122428503E-01   0.0000000000000000E+00  -2.9459352083066062E+01
         2         88   8   0.0000000000000000E+00   3.3669042391725668E-01   0.0000000000000000E+00  -1.3685427638222109E+01
         2         89   1   0.0000000000000000E+00  -1.6832954768458538E-01   0.0000000000000000E+00  -2.9460086852236344E+01
         2         90   1   0.0000000000000000E+00  -1.6883096943254924E-01   0.0000000000000000E+00  -2.9459155463592445E+01
         2         91   8   0.0000000000000000E+00   3.3739595532739108E-01   0.0000000000000000E+00  -1.3687033749372258E+01
         2         92   1   0.0000000000000000E+00  -1.6857885911287493E-01   0.0000000000000000E+00  -2.9460947545823331E+01
         2         93   1   0.0000000000000000E+00  -1.6820552062716895E-01   0.0000000000000000E+00  -2.9457668526642735E+01
         2         94   8   0.0000000000000000E+00   3.3748072863289974E-01   0.0000000000000000E+00  -1.3688040960406536E+01
         2         95   1   0.0000000000000000E+00  -1.6854781939102792E-01   0.0000000000000000E+00  -2.9458578498940597E+01
         2         96   1   0.0000000000000000E+00  -1.6856644308445728E-01   0.0000000000000000E+00  -2.9458869839105038E+01
         2         97   8   0.0000000000000000E+00   3.3758446875282594E-01   0.0000000000000000E+00  -1.3687022586540301E+01
         2         98   1   0.0000000000000000E+00  -1.6842676748107702E-01   0.0000000000000000E+00  -2.9460504714509423E+01
         2         99   1   0.0000000000000000E+00  -1.6873779455272808E-01   0.0000000000000000E+00  -2.9459422857231363E+01
         2        100   8   0.0000000000000000E+00   3.3821976764044059E-01   0.0000000000000000E+00  -1.3690816383035177E+01
         2        101   1   0.0000000000000000E+00  -1.6845784746850095E-01   0.0000000000000000E+00  -2.9460328614000655E+01
         2        102   1   0.0000000000000000E+00  -1.6839976835668877E-01   0.0000000000000000E+00  -2.9459173373648706E+01
         2        103   8   0.0000000000000000E+00   3.3642084527202387E-01   0.0000000000000000E+00  -1.3683839987583706E+01
         2        104   1   0.0000000000000000E+00  -1.6880838199368739E-01   0.0000000000000000E+00  -2.9458811978921961E+01
         2        105   1   0.0000000000000000E+00  -1.6867698142829457E-01   0.0000000000000000E+00  -2.9458018081859457E+01
         2        106   8   0.0000000000000000E+00   3.3671898503323683E-01   0.0000000000000000E+00  -1.3685928917308150E+01
         2        107   1   0.0000000000000000E+00  -1.6849436648176203E-01   0.0000000000000000E+00  -2.9459963844949062E+01
         2        108   1   0.0000000000000000E+00  -1.6874182752856851E-01   0.0000000000000000E+00  -2.9459446458214703E+01
         2        109   8   0.0000000000000000E+00   3.3652768458863414E-01   0.0000000000000000E+00  -1.3685822131123846E+01
         2        110   1   0.0000000000000000E+00  -1.6879480565961905E-01   0.0000000000000000E+00  -2.9459603483595732E+01
         2        111   1   0.0000000000000000E+00  -1.6865671229522108E-01   0.0000000000000000E+00  -2.9458270327710153E+01
         2        112   8   0.0000000000000000E+00   3.3621248253605984E-01   0.0000000000000000E+00  -1.3685394773805822E+01
         2        113   1   0.0000000000000000E+00  -1.6848490943858241E-01   0.0000000000000000E+00  -2.9460343594089625E+01
         2        114   1   0.0000000000000000E+00  -1.6844468835066961E-01   0.0000000000000000E+00  -2.9458201105300276E+01
         2        115   8   0.0000000000000000E+00   3.3716012303481097E-01   0.0000000000000000E+00  -1.3688213043966329E+01
         2        116   1   0.0000000000000000E+00  -1.6861677882779105E-01   0.0000000000000000E+00  -2.9458648464356592E+01
         2        117   1   0.0000000000000000E+00  -1.6882924097723531E-01   0.0000000000000000E+00  -2.9458723767831422E+01
         2        118   8   0.0000000000000000E+00   3.3988029283764731E-01   0.0000000000000000E+00  -1.3694105263395535E+01
         2        119   1   0.0000000000000000E+00  -1.6820613239155913E-01   0.0000000000000000E+00  -2.9457314650459857E+01
         2        120   1   0.0000000000000000E+00  -1.6838938576213458E-01   0.0000000000000000E+00  -2.9458488898520923E+01
         2        121   8   0.0000000000000000E+00   3.3594593200193057E-01   0.0000000000000000E+00  -1.3683508522219615E+01
         2        122   1   0.0000000000000000E+00  -1.6849745283289072E-01   0.0000000000000000E+00  -2.9459956567572288E+01
         2        123   1   0.0000000000000000E+00  -1.6864207329283731E-01   0.0000000000000000E+00  -2.9459705438676856E+01
         2        124   8   0.0000000000000000E+00   3.3711871570500157E-01   0.0000000000000000E+00  -1.3685714778779481E+01
         2        125   1   0.0000000000000000E+00  -1.6846989146392091E-01   0.0000000000000000E+00  -2.9459811305234055E+01
         2        126   1   0.0000000000000000E+00  -1.6870428178816091E-01   0.0000000000000000E+00  -2.9459225367658160E+01
         2        127   8   0.0000000000000000E+00   3.3558458871495939E-01   0.0000000000000000E+00  -1.3682825438240837E+01
         2        128   1   0.0000000000000000E+00  -1.6887365794336431E-01   0.0000000000000000E+00  -2.9460387993179186E+01
         2        129   1   0.0000000000000000E+00  -1.6839532453914013E-01   0.0000000000000000E+00  -2.9457505874885562E+01
         2        130   8   0.0000000000000000E+00   3.3710426047193742E-01   0.0000000000000000E+00  -1.3687520917948948E+01
         2        131   1   0.0000000000000000E+00  -1.6891862915982944E-01   0.0000000000000000E+00  -2.9460514372204322E+01
         2        132   1   0.0000000000000000E+00  -1.6842874146570647E-01   0.0000000000000000E+00  -2.9457823493102243E+01
         2        133   8   0.0000000000000000E+00   3.3726743102433093E-01   0.0000000000000000E+00  -1.3685541843919012E+01
         2        134   1   0.0000000000000000E+00  -1.6845845786660066E-01   0.0000000000000000E+00  -2.9459704329166154E+01
         2        135   1   0.0000000000000000E+00  -1.6851814021459363E-01   0.0000000000000000E+00  -2.9459667064015854E+01
         2        136   8   0.0000000000000000E+00   3.3841175826208009E-01   0.0000000000000000E+00  -1.3690485482378097E+01
         2        137   1   0.0000000000000000E+00  -1.6841174504824719E-01   0.0000000000000000E+00  -2.9458693020405068E+01
         2        138   1   0.0000000000000000E+00  -1.6840077913931867E-01   0.0000000000000000E+00  -2.9458713784510277E+01
         2        139   8   0.0000000000000000E+00   3.3599788976755862E-01   0.0000000000000000E+00  -1.3683282377057981E+01
         2        140   1   0.0000000000000000E+00  -1.6838947420672523E-01   0.0000000000000000E+00  -2.9459527411756774E+01
         2        141   1   0.0000000000000000E+00  -1.6854462671780251E-01   0.0000000000000000E+00  -2.9460426292977029E+01
         2        142   8   0.0000000000000000E+00   3.3756719212556535E-01   0.0000000000000000E+00  -1.3687227524850098E+01
         2        143   1   0.0000000000000000E+00  -1.6817767062667413E-01   0.0000000000000000E+00  -2.9458583212996935E+01
         2        144   1   0.0000000000000000E+00  -1.6848825307587004E-01   0.0000000000000000E+00  -2.9459425928402627E+01
         2        145   8   0.0000000000000000E+00   3.3767955148989554E-01   0.0000000000000000E+00  -1.3688301934479391E+01
         2        146   1   0.0000000000000000E+00  -1.6884562785465512E-01   0.0000000000000000E+00  -2.9456254230917878E+01
         2        147   1   0.0000000000000000E+00  -1.6826739023024639E-01   0.0000000000000000E+00  -2.9459097876388544E+01
         2        148   8   0.0000000000000000E+00   3.3555259654444386E-01   0.0000000000000000E+00  -1.3682347830039006E+01
         2        149   1   0.0000000000000000E+00  -1.6893945707196961E-01   0.0000000000000000E+00  -2.9458677924652374E+01
         2        150   1   0.0000000000000000E+00  -1.6859269723690981E-01   0.0000000000000000E+00  -2.9459422028678905E+01
         2        151   8   0.0000000000000000E+00   3.3763785868141760E-01   0.0000000000000000E+00  -1.3688442632870387E+01
         2        152   1   0.0000000000000000E+00  -1.6802733208497020E-01   0.0000000000000000E+00  -2.9459638515645128E+01
         2        153   1   0.0000000000000000E+00  -1.6866575367075445E-01   0.0000000000000000E+00  -2.9457881513797830E+01
         2        154   8   0.0000000000000000E+00   3.3765951136737893E-01   0.0000000000000000E+00  -1.3687511789938235E+01
         2        155   1   0.0000000000000000E+00  -1.6847382798422908E-01   0.0000000000000000E+00  -2.9460072380454886E+01
         2        156   1   0.0000000000000000E+00  -1.6855011323010125E-01   0.0000000000000000E+00  -2.9461543834829239E+01
         2        157   8   0.0000000000000000E+00   3.3693184692282391E-01   0.0000000000000000E+00  -1.3685224392060142E+01
         2        158   1   0.0000000000000000E+00  -1.6842179031949453E-01   0.0000000000000000E+00  -2.9459799121738346E+01
         2        159   1   0.0000000000000000E+00  -1.6856239994577660E-01   0.0000000000000000E+00  -2.9458981312479626E+01
         2        160   8   0.0000000000000000E+00   3.3728547985369189E-01   0.0000000000000000E+00  -1.3688081663438844E+01
         2        161   1   0.0000000000000000E+00  -1.6865891810662223E-01   0.0000000000000000E+00  -2.9458780696970408E+01
         2        162   1   0.0000000000000000E+00  -1.6841885554481317E-01   0.0000000000000000E+00  -2.9459295698727260E+01
         2        163   8   0.0000000000000000E+00   3.3681066030362511E-01   0.0000000000000000E+00  -1.3685868349813081E+01
         2        164   1   0.0000000000000000E+00  -1.6855849053554384E-01   0.0000000000000000E+00  -2.9459288698171793E+01
         2        165   1   0.0000000000000000E+00  -1.6889865856238714E-01   0.0000000000000000E+00  -2.9458658881964027E+01
         2        166   8   0.0000000000000000E+00   3.3715894370626448E-01   0.0000000000000000E+00  -1.3687159367195932E+01
         2        167   1   0.0000000000000000E+00  -1.6876076123764064E-01   0.0000000000000000E+00  -2.9459506788231749E+01
         2        168   1   0.0000000000000000E+00  -1.6874220855551200E-01   0.0000000000000000E+00  -2.9458654409216539E+01
         2        169   8   0.0000000000000000E+00   3.3586110316786960E-01   0.0000000000000000E+00  -1.3682423760636027E+01
         2        170   1   0.0000000000000000E+00  -1.6835237018565385E-01   0.0000000000000000E+00  -2.9459508872449543E+01
         2        171   1   0.0000000000000000E+00  -1.6849592771635438E-01   0.0000000000000000E+00  -2.9459068932368258E+01
         2        172   8   0.0000000000000000E+00   3.3569405852286865E-01   0.0000000000000000E+00  -1.3682927846637877E+01
         2        173   1   0.0000000000000000E+00  -1.6852983200323188E-01   0.0000000000000000E+00  -2.9459657476075108E+01
         2        174   1   0.0000000000000000E+00  -1.6855584432919002E-01   0.0000000000000000E+00  -2.9459177111654490E+01
         2        175   8   0.0000000000000000E+00   3.3949055486432583E-01   0.0000000000000000E+00  -1.3691867934168140E+01
         2        176   1   0.0000000000000000E+00  -1.6863091607009531E-01   0.0000000000000000E+00  -2.9459541666806206E+01
         2        177   1   0.0000000000000000E+00  -1.6868564563005797E-01   0.0000000000000000E+00  -2.9458502073906644E+01
         2        178   8   0.0000000000000000E+00   3.3771835336652883E-01   0.0000000000000000E+00  -1.3688620015013377E+01
         2        179   1   0.0000000000000000E+00  -1.6830944555452734E-01   0.0000000000000000E+00  -2.9459736494867055E+01
         2        180   1   0.0000000000000000E+00  -1.6869895698827025E-01   0.0000000000000000E+00  -2.9457814870061402E+01
         2        181   8   0.0000000000000000E+00   3.3605195744688077E-01   0.0000000000000000E+00  -1.3685391485582048E+01
         2        182   1   0.0000000000000000E+00  -1.6873761022861583E-01   0.0000000000000000E+00  -2.9459601090793360E+01
         2        183   1   0.0000000000000000E+00  -1.6872020749735034E-01   0.0000000000000000E+00  -2.9458259398705295E+01
         2        184   8   0.0000000000000000E+00   3.3665001455200844E-01   0.0000000000000000E+00  -1.3684902692196548E+01
         2        185   1   0.0000000000000000E+00  -1.6853739283024063E-01   0.0000000000000000E+00  -2.9458579442973260E+01
         2        186   1   0.0000000000000000E+00  -1.6860541022203615E-01   0.0000000000000000E+00  -2.9458894561347407E+01
         2        187   8   0.0000000000000000E+00   3.3723833305210366E-01   0.0000000000000000E+00  -1.3687481547794278E+01
         2        188   1   0.0000000000000000E+00  -1.6853221441706592E-01   0.0000000000000000E+00  -2.9459448751257476E+01
         2        189   1   0.0000000000000000E+00  -1.6862111376793285E-01   0.0000000000000000E+00  -2.9455975660327226E+01
         2        190   8   0.0000000000000000E+00   3.3611561365362647E-01   0.0000000000000000E+00  -1.3683991583730695E+01
         2        191   1   0.0000000000000000E+00  -1.6845164535059709E-01   0.0000000000000000E+00  -2.9460500994693934E+01
         2        192   1   0.0000000000000000E+00  -1.6838915211309460E-01   0.0000000000000000E+00  -2.9459228733961368E+01
         2        193   8   0.0000000000000000E+00   3.3765070630083877E-01   0.0000000000000000E+00  -1.3687649254739128E+01
         2        194   1   0.0000000000000000E+00  -1.6859703138431278E-01   0.0000000000000000E+00  -2.9459083220819426E+01
         2        195   1   0.0000000000000000E+00  -1.6859528583470496E-01   0.0000000000000000E+00  -2.9459105889376172E+01
         2        196   8   0.0000000000000000E+00   3.3775229068755042E-01   0.0000000000000000E+00  -1.3687258753954850E+01
         2        197   1   0.0000000000000000E+00  -1.6853764142716532E-01   0.0000000000000000E+00  -2.9458165644426373E+01
         2        198   1   0.0000000000000000E+00  -1.6859673183212953E-01   0.0000000000000000E+00  -2.9460581494672429E+01
         2        199   8   0.0000000000000000E+00   3.3732658253890424E-01   0.0000000000000000E+00  -1.3688081309746249E+01
         2        200   1   0.0000000000000000E+00  -1.6851690023024293E-01   0.0000000000000000E+00  -2.9458973557851859E+01
         2        201   1   0.0000000000000000E+00  -1.6845033084841357E-01   0.0000000000000000E+00  -2.9459691944921829E+01
         2        202   8   0.0000000000000000E+00   3.3771061510005995E-01   0.0000000000000000E+00  -1.3687947307969829E+01
         2        203   1   0.0000000000000000E+00  -1.6795978687020807E-01   0.0000000000000000E+00  -2.9460307606463005E+01
         2        204   1   0.0000000000000000E+00  -1.6843171155670653E-01   0.0000000000000000E+00  -2.9458502416654916E+01
         2        205   8   0.0000000000000000E+00   3.3746918715684326E-01   0.0000000000000000E+00  -1.3687579892855616E+01
         2        206   1   0.0000000000000000E+00  -1.6823809928365951E-01   0.0000000000000000E+00  -2.9460240665497764E+01
         2        207   1   0.0000000000000000E+00  -1.6869733609877946E-01   0.0000000000000000E+00  -2.9459190671816096E+01
         2        208   8   0.0000000000000000E+00   3.3651470872341349E-01   0.0000000000000000E+00  -1.3685685197950349E+01
         2        209   1   0.0000000000000000E+00  -1.6826895372527489E-01   0.0000000000000000E+00  -2.9460214236032407E+01
         2        210   1   0.0000000000000000E+00  -1.6864608012397139E-01   0.0000000000000000E+00  -2.9458435190435459E+01
         2        211   8   0.0000000000000000E+00   3.3678991288548316E-01   0.0000000000000000E+00  -1.3685581151887391E+01
         2        212   1   0.0000000000000000E+00  -1.6868653345717483E-01   0.0000000000000000E+00  -2.9459394710091914E+01
         2        213   1   0.0000000000000000E+00  -1.6805692777122946E-01   0.0000000000000000E+00  -2.9458814748409758E+01
         2        214   8   0.0000000000000000E+00   3.3671380439869664E-01   0.0000000000000000E+00  -1.3685484192387079E+01
         2        215   1   0.0000000000000000E+00  -1.6849102392309501E-01   0.0000000000000000E+00  -2.9459106153811998E+01
         2        216   1   0.0000000000000000E+00  -1.6829951005442947E-01   0.0000000000000000E+00  -2.9459134728370955E+01
         2        217   8   0.0000000000000000E+00   3.3694941091527619E-01   0.0000000000000000E+00  -1.3686420370103558E+01
         2        218   1   0.0000000000000000E+00  -1.6848650021617304E-01   0.0000000000000000E+00  -2.9461483473194114E+01
         2        219   1   0.0000000000000000E+00  -1.6836123471238565E-01   0.0000000000000000E+00  -2.9458270275563482E+01
         2        220   8   0.0000000000000000E+00   3.3672900922090349E-01   0.0000000000000000E+00  -1.3685642842326327E+01
         2        221   1   0.0000000000000000E+00  -1.6837088918567933E-01   0.0000000000000000E+00  -2.9459171249578585E+01
         2        222   1   0.0000000000000000E+00  -1.6871811640292669E-01   0.0000000000000000E+00  -2.9458596153618259E+01
         2        223   8   0.0000000000000000E+00   3.3800299084493041E-01   0.0000000000000000E+00  -1.3688944243518762E+01
         2        224   1   0.0000000000000000E+00  -1.6837958736879854E-01   0.0000000000000000E+00  -2.9459984039177073E+01
         2        225   1   0.0000000000000000E+00  -1.6870312645272104E-01   0.0000000000000000E+00  -2.9458660817720428E+01
         2        226   8   0.0000000000000000E+00   3.3705335209906273E-01   0.0000000000000000E+00  -1.3685049441585253E+01
         2        227   1   0.0000000000000000E+00  -1.6828897421286201E-01   0.0000000000000000E+00  -2.9458030889874276E+01
         2        228   1   0.0000000000000000E+00  -1.6854081865358325E-01   0.0000000000000000E+00  -2.9458972570397290E+01
         2        229   8   0.0000000000000000E+00   3.3666695619243869E-01   0.0000000000000000E+00  -1.3686519699012401E+01
         2        230   1   0.0000000000000000E+00  -1.6832778165229800E-01   0.0000000000000000E+00  -2.9458804861558903E+01
         2        231   1   0.0000000000000000E+00  -1.6881130381156462E-01   0.0000000000000000E+00  -2.9458266872037395E+01
         2        232   8   0.0000000000000000E+00   3.3627060431585049E-01   0.0000000000000000E+00  -1.3685893860267683E+01
         2        233   1   0.0000000000000000E+00  -1.6856113618529434E-01   0.0000000000000000E+00  -2.9457366360485789E+01
         2        234   1   0.0000000000000000E+00  -1.6878716716161649E-01   0.0000000000000000E+00  -2.9460239208424269E+01
         2        235   8   0.0000000000000000E+00   3.3785864158705259E-01   0.0000000000000000E+00  -1.3688203221510047E+01
         2        236   1   0.0000000000000000E+00  -1.6847227107944102E-01   0.0000000000000000E+00  -2.9459548695795487E+01
         2        237   1   0.0000000000000000E+00  -1.6817368944785796E-01   0.0000000000000000E+00  -2.9459654454659908E+01
         2        238   8   0.0000000000000000E+00   3.3745391761136306E-01   0.0000000000000000E+00  -1.3687076348453573E+01
         2        239   1   0.0000000000000000E+00  -1.6870515873704664E-01   0.0000000000000000E+00  -2.9459382891039731E+01
         2        240   1   0.0000000000000000E+00  -1.6842991524406012E-01   0.0000000000000000E+00  -2.9457296005541370E+01
         2        241   8   0.0000000000000000E+00   3.3840484006475036E-01   0.0000000000000000E+00  -1.3691067664464349E+01
         2        242   1   0.0000000000000000E+00  -1.6846104282268720E-01   0.0000000000000000E+00  -2.9459393128255339E+01
         2        243   1   0.0000000000000000E+00  -1.6881939876507709E-01   0.0000000000000000E+00  -2.9459808390680951E+01
         2        244   8   0.0000000000000000E+00   3.3841177367256764E-01   0.0000000000000000E+00  -1.3689177331172314E+01
         2        245   1   0.0000000000000000E+00  -1.6889659836756576E-01   0.0000000000000000E+00  -2.9459214923452937E+01
         2        246   1   0.0000000000000000E+00  -1.6852865715859452E-01   0.0000000000000000E+00  -2.9459887242448509E+01
         2        247   8   0.0000000000000000E+00   3.3673074248802570E-01   0.0000000000000000E+00  -1.3685664809477828E+01
         2        248   1   0.0000000000000000E+00  -1.6836065078921894E-01   0.0000000000000000E+00  -2.9459251697013503E+01
         2        249   1   0.0000000000000000E+00  -1.6872152479599942E-01   0.0000000000000000E+00  -2.9458140797411179E+01
         2        250   8   0.0000000000000000E+00   3.3604740613562339E-01   0.0000000000000000E+00  -1.3684713906394883E+01
         2        251   1   0.0000000000000000E+00  -1.6871272344934637E-01   0.0000000000000000E+00  -2.9457799356475711E+01
         2        252   1   0.0000000000000000E+00  -1.6898766996505521E-01   0.0000000000000000E+00  -2.9457230431847467E+01
         2        253   8   0.0000000000000000E+00   3.3737806746726506E-01   0.0000000000000000E+00  -1.3687991035076625E+01
         2        254   1   0.0000000000000000E+00  -1.6852838421498054E-01   0.0000000000000000E+00  -2.9459213809198534E+01
         2        255   1   0.0000000000000000E+00  -1.6816358395991507E-01   0.0000000000000000E+00  -2.9459729382753856E+01
         2        256   8   0.0000000000000000E+00   3.3850336881909426E-01   0.0000000000000000E+00  -1.3689203582480431E+01
         2        257   1   0.0000000000000000E+00  -1.6879077999978875E-01   0.0000000000000000E+00  -2.9457822635993143E+01
         2        258   1   0.0000000000000000E+00  -1.6879428629172194E-01   0.0000000000000000E+00  -2.9458463461948540E+01
         2        259   8   0.0000000000000000E+00   3.3701601315541779E-01   0.0000000000000000E+00  -1.3685791067569561E+01
         2        260   1   0.0000000000000000E+00  -1.6846968347211924E-01   0.0000000000000000E+00  -2.9459372743541191E+01
         2        261   1   0.0000000000000000E+00  -1.6863381646777711E-01   0.0000000000000000E+00  -2.9459004372607161E+01
         2        262   8   0.0000000000000000E+00   3.3710261480215792E-01   0.0000000000000000E+00  -1.3686872046432637E+01
         2        263   1   0.0000000000000000E+00  -1.6850233617500890E-01   0.0000000000000000E+00  -2.9459234477285104E+01
         2        264   1   0.0000000000000000E+00  -1.6843937260467556E-01   0.0000000000000000E+00  -2.9459681525890009E+01
         2        265   8   0.0000000000000000E+00   3.3748365423038929E-01   0.0000000000000000E+00  -1.3687364646516592E+01
         2        266   1   0.0000000000000000E+00  -1.6861027736842224E-01   0.0000000000000000E+00  -2.9459841844402469E+01
         2        267   1   0.0000000000000000E+00  -1.6872065580641038E-01   0.0000000000000000E+00  -2.9457575691599519E+01
         2        268   8   0.0000000000000000E+00   3.3679008869790567E-01   0.0000000000000000E+00  -1.3685791935129735E+01
         2        269   1   0.0000000000000000E+00  -1.6865918663333124E-01   0.0000000000000000E+00  -2.9460355423428290E+01
         2        270   1   0.0000000000000000E+00  -1.6879948335859421E-01   0.0000000000000000E+00  -2.9458375925476922E+01
         2        271   8   0.0000000000000000E+00   3.3675900362800082E-01   0.0000000000000000E+00  -1.3686091203394852E+01
         2        272   1   0.0000000000000000E+00  -1.6866312895543134E-01   0.0000000000000000E+00  -2.9460422237715985E+01
         2        273   1   0.0000000000000000E+00  -1.6865007091310433E-01   0.0000000000000000E+00  -2.9457829241429476E+01
         2        274   8   0.0000000000000000E+00   3.3674175136605577E-01   0.0000000000000000E+00  -1.3685229718996062E+01
         2        275   1   0.0000000000000000E+00  -1.6841755037694472E-01   0.0000000000000000E+00  -2.9461369884670958E+01
         2        276   1   0.0000000000000000E+00  -1.6849829705600247E-01   0.0000000000000000E+00  -2.9460214740977541E+01
         2        277   8   0.0000000000000000E+00   3.3539208640367302E-01   0.0000000000000000E+00  -1.3682566742365395E+01
         2        278   1   0.0000000000000000E+00  -1.6855639489456231E-01   0.0000000000000000E+00  -2.9460525358656220E+01
         2        279   1   0.0000000000000000E+00  -1.6822611637655477E-01   0.0000000000000000E+00  -2.9458657828597673E+01
         2        280   8   0.0000000000000000E+00   3.3808870632670190E-01   0.0000000000000000E+00  -1.3688664631651591E+01
         2        281   1   0.0000000000000000E+00  -1.6864740945857062E-01   0.0000000000000000E+00  -2.9459358737040400E+01
         2        282   1   0.0000000000000000E+00  -1.6815209086318761E-01   0.0000000000000000E+00  -2.9458295950408530E+01
         2        283   8   0.0000000000000000E+00   3.3824683065149275E-01   0.0000000000000000E+00  -1.3690290271245079E+01
         2        284   1   0.0000000000000000E+00  -1.6844438773394727E-01   0.0000000000000000E+00  -2.9459190826511023E+01
         2        285   1   0.0000000000000000E+00  -1.6879503999761164E-01   0.0000000000000000E+00  -2.9458668708858870E+01
         2        286   8   0.0000000000000000E+00   3.3830163443012662E-01   0.0000000000000000E+00  -1.3690028398236567E+01
         2        287   1   0.0000000000000000E+00  -1.6851679863678526E-01   0.0000000000000000E+00  -2.9458532034370695E+01
         2        288   1   0.0000000000000000E+00  -1.6854730449608016E-01   0.0000000000000000E+00  -2.9459075731853009E+01
         2        289   8   0.0000000000000000E+00   3.3550155540808735E-01   0.0000000000000000E+00  -1.3682173521451325E+01
         2        290   1   0.0000000000000000E+00  -1.6831034721641960E-01   0.0000000000000000E+00  -2.9458700310571320E+01
         2        291   1   0.0000000000000000E+00  -1.6820672559839581E-01   0.0000000000000000E+00  -2.9459664623608532E+01
         2        292   8   0.0000000000000000E+00   3.3647356465797895E-01   0.0000000000000000E+00  -1.3684918069892252E+01
         2        293   1   0.0000000000000000E+00  -1.6849812736719896E-01   0.0000000000000000E+00  -2.9458839485044326E+01
         2        294   1   0.0000000000000000E+00  -1.6876646742244211E-01   0.0000000000000000E+00  -2.9458404966008548E+01
         2        295   8   0.0000000000000000E+00   3.3669566969734832E-01   0.0000000000000000E+00  -1.3685773437944079E+01
         2        296   1   0.0000000000000000E+00  -1.6857523553133191E-01   0.0000000000000000E+00  -2.9458771392395224E+01
         2        297   1   0.0000000000000000E+00  -1.6850021452711519E-01   0.0000000000000000E+00  -2.9462043985075429E+01
         2        298   8   0.0000000000000000E+00   3.3575525469614520E-01   0.0000000000000000E+00  -1.3682668409554235E+01
         2        299   1   0.0000000000000000E+00  -1.6870103626129215E-01   0.0000000000000000E+00  -2.9458887146625180E+01
         2        300   1   0.0000000000000000E+00  -1.6839558316422823E-01   0.0000000000000000E+00  -2.9458626287544128E+01
         2        301   8   0.0000000000000000E+00   3.3574441271084465E-01   0.0000000000000000E+00  -1.3683016701303032E+01
         2        302   1   0.0000000000000000E+00  -1.6852648192027783E-01   0.0000000000000000E+00  -2.9459361332866109E+01
         2        303   1   0.0000000000000000E+00  -1.6857210594290165E-01   0.0000000000000000E+00  -2.9458973750497968E+01
         2        304   8   0.0000000000000000E+00   3.3602699305055206E-01   0.0000000000000000E+00  -1.3684260686119071E+01
         2        305   1   0.0000000000000000E+00  -1.6858747139004607E-01   0.0000000000000000E+00  -2.9460030816870837E+01
         2        306   1   0.0000000000000000E+00  -1.6814370827957198E-01   0.0000000000000000E+00  -2.9457835948943753E+01
         2        307   8   0.0000000000000000E+00   3.3674441325129695E-01   0.0000000000000000E+00  -1.3685271555432053E+01
         2        308   1   0.0000000000000000E+00  -1.6857925247868316E-01   0.0000000000000000E+00  -2.9457341767666428E+01
         2        309   1   0.0000000000000000E+00  -1.6849766438955624E-01   0.0000000000000000E+00  -2.9458364691308290E+01
         2        310   8   0.0000000000000000E+00   3.3739079967187297E-01   0.0000000000000000E+00  -1.3688303033993353E+01
         2        311   1   0.0000000000000000E+00  -1.6864038239567533E-01   0.0000000000000000E+00  -2.9459979966607261E+01
         2        312   1   0.0000000000000000E+00  -1.6853388728099514E-01   0.0000000000000000E+00  -2.9459765997679501E+01
         2        313   8   0.0000000000000000E+00   3.3768798644453218E-01   0.0000000000000000E+00  -1.3687222824081875E+01
         2        314   1   0.0000000000000000E+00  -1.6849925846616040E-01   0.0000000000000000E+00  -2.9456692438166595E+01
         2        315   1   0.0000000000000000E+00  -1.6871647096968020E-01   0.0000000000000000E+00  -2.9457366369916411E+01
         2        316   8   0.0000000000000000E+00   3.3653420506653253E-01   0.0000000000000000E+00  -1.3685392355540412E+01
         2        317   1   0.0000000000000000E+00  -1.6842328963304057E-01   0.0000000000000000E+00  -2.9459381394770194E+01
         2        318   1   0.0000000000000000E+00  -1.6852335802170818E-01   0.0000000000000000E+00  -2.9460008191311370E+01
         2        319   8   0.0000000000000000E+00   3.3707862526856797E-01   0.0000000000000000E+00  -1.3688006192829405E+01
         2        320   1   0.0000000000000000E+00  -1.6849113601477167E-01   0.0000000000000000E+00  -2.9458524606676423E+01
         2        321   1   0.0000000000000000E+00  -1.6893060789880471E-01   0.0000000000000000E+00  -2.9459300780665345E+01
         2        322   8   0.0000000000000000E+00   3.3637825146543004E-01   0.0000000000000000E+00  -1.3685260801136447E+01
         2        323   1   0.0000000000000000E+00  -1.6855505748213309E-01   0.0000000000000000E+00  -2.9459006195037425E+01
         2        324   1   0.0000000000000000E+00  -1.6871191611988479E-01   0.0000000000000000E+00  -2.9458872686935603E+01
         2        325   8   0.0000000000000000E+00   3.3717096306737682E-01   0.0000000000000000E+00  -1.3685473087577460E+01
         2        326   1   0.0000000000000000E+00  -1.6863325773282700E-01   0.0000000000000000E+00  -2.9459951861822528E+01
         2        327   1   0.0000000000000000E+00  -1.6828700427001364E-01   0.0000000000000000E+00  -2.9458891448510002E+01
         2        328   8   0.0000000000000000E+00   3.3789289951245216E-01   0.0000000000000000E+00  -1.3687897514333464E+01
         2        329   1   0.0000000000000000E+00  -1.6839399692453877E-01   0.0000000000000000E+00  -2.9461141160873872E+01
         2        330   1   0.0000000000000000E+00  -1.6832623783507483E-01   0.0000000000000000E+00  -2.9459585865334816E+01
         2        331   8   0.0000000000000000E+00   3.3675430570783560E-01   0.0000000000000000E+00  -1.3684633022157293E+01
         2        332   1   0.0000000000000000E+00  -1.6869589393093590E-01   0.0000000000000000E+00  -2.9459165715405117E+01
         2        333   1   0.0000000000000000E+00  -1.6815775253408002E-01   0.0000000000000000E+00  -2.9459877004552773E+01
         2        334   8   0.0000000000000000E+00   3.3684833984960300E-01   0.0000000000000000E+00  -1.3686881909850538E+01
         2        335   1   0.0000000000000000E+00  -1.6876281872341489E-01   0.0000000000000000E+00  -2.9458548384506006E+01
         2        336   1   0.0000000000000000E+00  -1.6827260011670550E-01   0.0000000000000000E+00  -2.9459676161969917E+01
         2        337   8   0.0000000000000000E+00   3.3802674528253107E-01   0.0000000000000000E+00  -1.3689952261986985E+01
         2        338   1   0.0000000000000000E+00  -1.6867903765026085E-01   0.0000000000000000E+00  -2.9459326126224830E+01
         2        339   1   0.0000000000000000E+00  -1.6855411069699591E-01   0.0000000000000000E+00  -2.9457538458776458E+01
         2        340   8   0.0000000000000000E+00   3.3808098658298180E-01   0.0000000000000000E+00  -1.3690002342073385E+01
         2        341   1   0.0000000000000000E+00  -1.6826499350260113E-01   0.0000000000000000E+00  -2.9458902134333655E+01
         2        342   1   0.0000000000000000E+00  -1.6835343180364007E-01   0.0000000000000000E+00  -2.9458791394476290E+01
         2        343   8   0.0000000000000000E+00   3.3691285353709605E-01   0.0000000000000000E+00  -1.3684883734415017E+01
         2        344   1   0.0000000000000000E+00  -1.6827630328983079E-01   0.0000000000000000E+00  -2.9458857867515750E+01
         2        345   1   0.0000000000000000E+00  -1.6881006288011130E-01   0.0000000000000000E+00  -2.9459581741038185E+01
         2        346   8   0.0000000000000000E+00   3.3554854432521880E-01   0.0000000000000000E+00  -1.3682548380368942E+01
         2        347   1   0.0000000000000000E+00  -1.6856542235635602E-01   0.0000000000000000E+00  -2.9460222844975160E+01
         2        348   1   0.0000000000000000E+00  -1.6846503134735138E-01   0.0000000000000000E+00  -2.9457785066067746E+01
         2        349   8   0.0000000000000000E+00   3.3688477267159467E-01   0.0000000000000000E+00  -1.3687897509412352E+01
         2        350   1   0.0000000000000000E+00  -1.6868761854401329E-01   0.0000000000000000E+00  -2.9458963842850167E+01
         2        351   1   0.0000000000000000E+00  -1.6878244818043711E-01   0.0000000000000000E+00  -2.9458308253688966E+01
         2        352   8   0.0000000000000000E+00   3.3760517408716817E-01   0.0000000000000000E+00  -1.3688239538801696E+01
         2        353   1   0.0000000000000000E+00  -1.6850385039748586E-01   0.0000000000000000E+00  -2.9459707645014237E+01
         2        354   1   0.0000000000000000E+00  -1.6845990004178477E-01   0.0000000000000000E+00  -2.9458162064928537E+01
         2        355   8   0.0000000000000000E+00   3.3623577925755860E-01   0.0000000000000000E+00  -1.3684655359439816E+01
         2        356   1   0.0000000000000000E+00  -1.6809623428772585E-01   0.0000000000000000E+00  -2.9459927050820806E+01
         2        357   1   0.0000000000000000E+00  -1.6871104898951908E-01   0.0000000000000000E+00  -2.9459031596084188E+01
         2        358   8   0.0000000000000000E+00   3.3824035203014041E-01   0.0000000000000000E+00  -1.3688527987586149E+01
         2        359   1   0.0000000000000000E+00  -1.6854347569416833E-01   0.0000000000000000E+00  -2.9459739419515454E+01
         2        360   1   0.0000000000000000E+00  -1.6872381859078225E-01   0.0000000000000000E+00  -2.9458966381182275E+01
         2        361   8   0.0000000000000000E+00   3.3717867397339746E-01   0.0000000000000000E+00  -1.3686804814334774E+01
         2        362   1   0.0000000000000000E+00  -1.6880815289983345E-01   0.0000000000000000E+00  -2.9458293146756240E+01
         2        363   1   0.0000000000000000E+00  -1.6860728334490319E-01   0.0000000000000000E+00  -2.9459324094394997E+01
         2        364   8   0.0000000000000000E+00   3.3636329027625189E-01   0.0000000000000000E+00  -1.3685160296895855E+01
         2        365   1   0.0000000000000000E+00  -1.6875745574121942E-01   0.0000000000000000E+00  -2.9459312951763234E+01
         2        366   1   0.0000000000000000E+00  -1.6839008462966110E-01   0.0000000000000000E+00  -2.9459269470459095E+01
         2        367   8   0.0000000000000000E+00   3.3794601906122779E-01   0.0000000000000000E+00  -1.3688800106173471E+01
         2        368   1   0.0000000000000000E+00  -1.6836492952890500E-01   0.0000000000000000E+00  -2.9457780127307547E+01
         2        369   1   0.0000000000000000E+00  -1.6816480988312288E-01   0.0000000000000000E+00  -2.9459941469387449E+01
         2        370   8   0.0000000000000000E+00   3.3719644146464173E-01   0.0000000000000000E+00  -1.3687302638647530E+01
         2        371   1   0.0000000000000000E+00  -1.6862266789318903E-01   0.0000000000000000E+00  -2.9459809646755669E+01
         2        372   1   0.0000000000000000E+00  -1.6859168231449145E-01   0.0000000000000000E+00  -2.9458198496505332E+01
         2        373   8   0.0000000000000000E+00   3.3651521533387024E-01   0.0000000000000000E+00  -1.3685061545667544E+01
         2        374   1   0.0000000000000000E+00  -1.6832343807166636E-01   0.0000000000000000E+00  -2.9461671366389275E+01
         2        375   1   0.0000000000000000E+00  -1.6872240145818584E-01   0.0000000000000000E+00  -2.9458515301627425E+01
         2        376   8   0.0000000000000000E+00   3.3871747755741810E-01   0.0000000000000000E+00  -1.3690634048478529E+01
         2        377   1   0.0000000000000000E+00  -1.6841972844916567E-01   0.0000000000000000E+00  -2.9460131086633606E+01
         2        378   1   0.0000000000000000E+00  -1.6882247099617131E-01   0.0000000000000000E+00  -2.9457340272519492E+01
         2        379   8   0.0000000000000000E+00   3.3579989175695069E-01   0.0000000000000000E+00  -1.3682374271039855E+01
         2        380   1   0.0000000000000000E+00  -1.6869345217225390E-01   0.0000000000000000E+00  -2.9460945862389870E+01
         2        381   1   0.0000000000000000E+00  -1.6830445759445950E-01   0.0000000000000000E+00  -2.9458256778681406E+01
         2        382   8   0.0000000000000000E+00   3.3704924378241680E-01   0.0000000000000000E+00  -1.3686567297329844E+01
         2        383   1   0.0000000000000000E+00  -1.6853466863617292E-01   0.0000000000000000E+00  -2.9459716527190757E+01
         2        384   1   0.0000000000000000E+00  -1.6889760968506262E-01   0.0000000000000000E+00  -2.9459475694277685E+01
