
*** SETUP: MPI ****************************************************************

Number of processors: 1
Process 1 of 1 (rank 0): KC-CHM-4KL63CY
*******************************************************************************

*******************************************************************************

WELCOME TO n²p², A SOFTWARE PACKAGE FOR NEURAL NETWORK POTENTIALS!
------------------------------------------------------------------

n²p² version  (from git): v2.3.0-146-g29b9c9f1
             (version.h): v2.3.0
------------------------------------------------------------
Git branch              : master
Git revision            : 29b9c9f10b1ac9ea45631b3d556a129ca3b701c2
Compile date/time       : Jul 15 2025 20:22:43
------------------------------------------------------------

Features/Flags:
------------------------------------------------------------
Symmetry function groups     : enabled
Symmetry function cache      : enabled
Timing function available    : available
Asymmetric polynomial SFs    : available
SF low neighbor number check : enabled
SF derivative memory layout  : reduced
MPI explicitly disabled      : no
------------------------------------------------------------

Please cite the following papers when publishing results obtained with n²p²:
-------------------------------------------------------------------------------
 * General citation for n²p² and the LAMMPS interface:

 Singraber, A.; Behler, J.; Dellago, C.
 Library-Based LAMMPS Implementation of High-Dimensional
 Neural Network Potentials.
 J. Chem. Theory Comput. 2019 15 (3), 1827–1840.
 https://doi.org/10.1021/acs.jctc.8b00770
-------------------------------------------------------------------------------
 * Additionally, if you use the NNP training features of n²p²:

 Singraber, A.; Morawietz, T.; Behler, J.; Dellago, C.
 Parallel Multistream Training of High-Dimensional Neural
 Network Potentials.
 J. Chem. Theory Comput. 2019, 15 (5), 3075–3092.
 https://doi.org/10.1021/acs.jctc.8b01092
-------------------------------------------------------------------------------
 * Additionally, if polynomial symmetry functions are used:

 Bircher, M. P.; Singraber, A.; Dellago, C.
 Improved Description of Atomic Environments Using Low-Cost
 Polynomial Functions with Compact Support.
 arXiv:2010.14414 [cond-mat, physics:physics] 2020.
 https://arxiv.org/abs/2010.14414
*******************************************************************************

*** SETUP: SETTINGS FILE ******************************************************

Settings file name: input.nn
Read 189 lines.
Found 108 lines with keywords.
This settings file defines a NNP with electrostatics and
non-local charge transfer (4G-HDNNP).
*******************************************************************************

*** SETUP: NORMALIZATION ******************************************************

Data set normalization is not used.
*******************************************************************************

*** SETUP: ELEMENT MAP ********************************************************

Number of element strings found: 2
Element  0:  H (  1)
Element  1:  O (  8)
*******************************************************************************

*** SETUP: ELEMENTS ***********************************************************

Number of elements is consistent: 2
Atomic energy offsets per element:
Element  0:   0.00000000E+00
Element  1:   0.00000000E+00
Energy offsets are automatically subtracted from reference energies.
*******************************************************************************

*** SETUP: ELECTROSTATICS *****************************************************

Atomic hardness file name format: hardness.%03zu.data
Atomic hardness for element  H from file hardness.001.data:   3.29960000E+01
Atomic hardness for element  O from file hardness.008.data:   2.73362000E+01

Gaussian width of charge distribution per element:
Element  0:   5.85812011E-01
Element  1:   1.24910238E+00

Ewald truncation error method:                1
Ewald precision:                 1.00000000E-05
Ewald expected maximum charge:   3.60000000E-01

Screening function information:
Inner radius :   4.80000000E+00
Outer radius :   1.20000000E+01
Transition region functional form:
x     := (r - inner) / (outer - inner)
fs(x) := 1 - f(x)
CoreFunction::Type::COS (0):
f(x) := 1/2 * (cos(pi*x) + 1)
*******************************************************************************

*** SETUP: CUTOFF FUNCTIONS ***************************************************

Parameter alpha for inner cutoff: 0.000000
Inner cutoff = Symmetry function cutoff * alpha
Equal cutoff function type for all symmetry functions:
CutoffFunction::CT_TANHU (2)
f(r) = tanh^3(1 - r/rc)
*******************************************************************************

*** SETUP: SYMMETRY FUNCTIONS *************************************************

Abbreviations:
--------------
ind .... Symmetry function index.
ec ..... Central atom element.
tp ..... Symmetry function type.
sbtp ... Symmetry function subtype (e.g. cutoff type).
e1 ..... Neighbor 1 element.
e2 ..... Neighbor 2 element.
eta .... Gaussian width eta.
rs/rl... Shift distance of Gaussian or left cutoff radius for polynomial.
angl.... Left cutoff angle for polynomial.
angr.... Right cutoff angle for polynomial.
la ..... Angle prefactor lambda.
zeta ... Angle term exponent zeta.
rc ..... Cutoff radius / right cutoff radius for polynomial.
a ...... Free parameter alpha (e.g. cutoff alpha).
ln ..... Line number in settings file.

Short range atomic symmetry functions element  H :
-------------------------------------------------------------------------------------------------
 ind ec tp sbtp e1 e2       eta      rs/rl         rc   angl   angr la zeta    a    ln
-------------------------------------------------------------------------------------------------
   1  H  2  ct2  H    1.000E-03  0.000E+00  1.200E+01                       0.00   120
   2  H  2  ct2  O    1.000E-03  0.000E+00  1.200E+01                       0.00   130
   3  H  2  ct2  H    1.000E-02  0.000E+00  1.200E+01                       0.00   121
   4  H  2  ct2  O    1.000E-02  0.000E+00  1.200E+01                       0.00   131
   5  H  2  ct2  H    3.000E-02  0.000E+00  1.200E+01                       0.00   122
   6  H  2  ct2  O    3.000E-02  0.000E+00  1.200E+01                       0.00   132
   7  H  2  ct2  H    6.000E-02  0.000E+00  1.200E+01                       0.00   123
   8  H  2  ct2  O    6.000E-02  0.000E+00  1.200E+01                       0.00   133
   9  H  2  ct2  O    1.500E-01  9.000E-01  1.200E+01                       0.00   134
  10  H  2  ct2  H    1.500E-01  1.900E+00  1.200E+01                       0.00   124
  11  H  2  ct2  O    3.000E-01  9.000E-01  1.200E+01                       0.00   135
  12  H  2  ct2  H    3.000E-01  1.900E+00  1.200E+01                       0.00   125
  13  H  2  ct2  O    6.000E-01  9.000E-01  1.200E+01                       0.00   136
  14  H  2  ct2  H    6.000E-01  1.900E+00  1.200E+01                       0.00   126
  15  H  2  ct2  O    1.500E+00  9.000E-01  1.200E+01                       0.00   137
  16  H  2  ct2  H    1.500E+00  1.900E+00  1.200E+01                       0.00   127
  17  H  3  ct2  O  O 1.000E-03  0.000E+00  1.200E+01               -1  4.0 0.00   184
  18  H  3  ct2  O  O 1.000E-03  0.000E+00  1.200E+01                1  4.0 0.00   183
  19  H  3  ct2  H  O 1.000E-02  0.000E+00  1.200E+01               -1  4.0 0.00   174
  20  H  3  ct2  H  O 1.000E-02  0.000E+00  1.200E+01                1  4.0 0.00   172
  21  H  3  ct2  H  O 3.000E-02  0.000E+00  1.200E+01               -1  1.0 0.00   169
  22  H  3  ct2  O  O 3.000E-02  0.000E+00  1.200E+01               -1  1.0 0.00   182
  23  H  3  ct2  H  O 3.000E-02  0.000E+00  1.200E+01                1  1.0 0.00   167
  24  H  3  ct2  O  O 3.000E-02  0.000E+00  1.200E+01                1  1.0 0.00   181
  25  H  3  ct2  H  O 7.000E-02  0.000E+00  1.200E+01               -1  1.0 0.00   164
  26  H  3  ct2  H  O 7.000E-02  0.000E+00  1.200E+01                1  1.0 0.00   162
  27  H  3  ct2  H  O 2.000E-01  0.000E+00  1.200E+01                1  1.0 0.00   159
-------------------------------------------------------------------------------------------------
Short range atomic symmetry functions element  O :
-------------------------------------------------------------------------------------------------
 ind ec tp sbtp e1 e2       eta      rs/rl         rc   angl   angr la zeta    a    ln
-------------------------------------------------------------------------------------------------
   1  O  2  ct2  H    1.000E-03  0.000E+00  1.200E+01                       0.00   139
   2  O  2  ct2  O    1.000E-03  0.000E+00  1.200E+01                       0.00   149
   3  O  2  ct2  H    1.000E-02  0.000E+00  1.200E+01                       0.00   140
   4  O  2  ct2  O    1.000E-02  0.000E+00  1.200E+01                       0.00   150
   5  O  2  ct2  H    3.000E-02  0.000E+00  1.200E+01                       0.00   141
   6  O  2  ct2  O    3.000E-02  0.000E+00  1.200E+01                       0.00   151
   7  O  2  ct2  H    6.000E-02  0.000E+00  1.200E+01                       0.00   142
   8  O  2  ct2  O    6.000E-02  0.000E+00  1.200E+01                       0.00   152
   9  O  2  ct2  H    1.500E-01  9.000E-01  1.200E+01                       0.00   143
  10  O  2  ct2  O    1.500E-01  4.000E+00  1.200E+01                       0.00   153
  11  O  2  ct2  H    3.000E-01  9.000E-01  1.200E+01                       0.00   144
  12  O  2  ct2  O    3.000E-01  4.000E+00  1.200E+01                       0.00   154
  13  O  2  ct2  H    6.000E-01  9.000E-01  1.200E+01                       0.00   145
  14  O  2  ct2  O    6.000E-01  4.000E+00  1.200E+01                       0.00   155
  15  O  2  ct2  H    1.500E+00  9.000E-01  1.200E+01                       0.00   146
  16  O  2  ct2  O    1.500E+00  4.000E+00  1.200E+01                       0.00   156
  17  O  3  ct2  H  O 1.000E-03  0.000E+00  1.200E+01               -1  4.0 0.00   179
  18  O  3  ct2  O  O 1.000E-03  0.000E+00  1.200E+01               -1  4.0 0.00   189
  19  O  3  ct2  H  O 1.000E-03  0.000E+00  1.200E+01                1  4.0 0.00   178
  20  O  3  ct2  O  O 1.000E-03  0.000E+00  1.200E+01                1  4.0 0.00   188
  21  O  3  ct2  H  H 1.000E-02  0.000E+00  1.200E+01               -1  4.0 0.00   173
  22  O  3  ct2  H  H 1.000E-02  0.000E+00  1.200E+01                1  4.0 0.00   171
  23  O  3  ct2  H  H 3.000E-02  0.000E+00  1.200E+01               -1  1.0 0.00   168
  24  O  3  ct2  H  O 3.000E-02  0.000E+00  1.200E+01               -1  1.0 0.00   177
  25  O  3  ct2  O  O 3.000E-02  0.000E+00  1.200E+01               -1  1.0 0.00   187
  26  O  3  ct2  H  H 3.000E-02  0.000E+00  1.200E+01                1  1.0 0.00   166
  27  O  3  ct2  H  O 3.000E-02  0.000E+00  1.200E+01                1  1.0 0.00   176
  28  O  3  ct2  O  O 3.000E-02  0.000E+00  1.200E+01                1  1.0 0.00   186
  29  O  3  ct2  H  H 7.000E-02  0.000E+00  1.200E+01               -1  1.0 0.00   163
  30  O  3  ct2  H  H 7.000E-02  0.000E+00  1.200E+01                1  1.0 0.00   161
-------------------------------------------------------------------------------------------------
Minimum cutoff radius for element  H: 12.000000
Minimum cutoff radius for element  O: 12.000000
Maximum cutoff radius (global)      : 12.000000
*******************************************************************************

*** SETUP: SYMMETRY FUNCTION MEMORY *******************************************

Symmetry function derivatives memory table for element  H :
-------------------------------------------------------------------------------
Relevant symmetry functions for neighbors with element:
-  H:   15 of   27 ( 55.6 )
-  O:   19 of   27 ( 70.4 )
-------------------------------------------------------------------------------
Symmetry function derivatives memory table for element  O :
-------------------------------------------------------------------------------
Relevant symmetry functions for neighbors with element:
-  H:   18 of   30 ( 60.0 )
-  O:   16 of   30 ( 53.3 )
-------------------------------------------------------------------------------
*******************************************************************************

*** SETUP: SYMMETRY FUNCTION CACHE ********************************************

Element  H: in total 4 caches, used 17.00 times on average.
Element  O: in total 4 caches, used 17.00 times on average.
*******************************************************************************

*** SETUP: SYMMETRY FUNCTION GROUPS *******************************************

Abbreviations:
--------------
ind .... Symmetry function index.
ec ..... Central atom element.
tp ..... Symmetry function type.
sbtp ... Symmetry function subtype (e.g. cutoff type).
e1 ..... Neighbor 1 element.
e2 ..... Neighbor 2 element.
eta .... Gaussian width eta.
rs/rl... Shift distance of Gaussian or left cutoff radius for polynomial.
angl.... Left cutoff angle for polynomial.
angr.... Right cutoff angle for polynomial.
la ..... Angle prefactor lambda.
zeta ... Angle term exponent zeta.
rc ..... Cutoff radius / right cutoff radius for polynomial.
a ...... Free parameter alpha (e.g. cutoff alpha).
ln ..... Line number in settings file.
mi ..... Member index.
sfi .... Symmetry function index.
e ...... Recalculate exponential term.

Short range atomic symmetry function groups element  H :
----------------------------------------------------------------------------------------------------------
 ind ec tp sbtp e1 e2       eta      rs/rl         rc   angl   angr la zeta    a    ln   mi  sfi e
----------------------------------------------------------------------------------------------------------
   1  H  2  ct2  H            *          *  1.200E+01                       0.00     *    *    *  
   -  -  -    -  -    1.000E-03  0.000E+00          -                          -   120    1    1  
   -  -  -    -  -    1.000E-02  0.000E+00          -                          -   121    2    3  
   -  -  -    -  -    3.000E-02  0.000E+00          -                          -   122    3    5  
   -  -  -    -  -    6.000E-02  0.000E+00          -                          -   123    4    7  
   -  -  -    -  -    1.500E-01  1.900E+00          -                          -   124    5   10  
   -  -  -    -  -    3.000E-01  1.900E+00          -                          -   125    6   12  
   -  -  -    -  -    6.000E-01  1.900E+00          -                          -   126    7   14  
   -  -  -    -  -    1.500E+00  1.900E+00          -                          -   127    8   16  
   2  H  2  ct2  O            *          *  1.200E+01                       0.00     *    *    *  
   -  -  -    -  -    1.000E-03  0.000E+00          -                          -   130    1    2  
   -  -  -    -  -    1.000E-02  0.000E+00          -                          -   131    2    4  
   -  -  -    -  -    3.000E-02  0.000E+00          -                          -   132    3    6  
   -  -  -    -  -    6.000E-02  0.000E+00          -                          -   133    4    8  
   -  -  -    -  -    1.500E-01  9.000E-01          -                          -   134    5    9  
   -  -  -    -  -    3.000E-01  9.000E-01          -                          -   135    6   11  
   -  -  -    -  -    6.000E-01  9.000E-01          -                          -   136    7   13  
   -  -  -    -  -    1.500E+00  9.000E-01          -                          -   137    8   15  
   3  H  3  ct2  H  O         *          *  1.200E+01                *    * 0.00     *    *    * *
   -  -  -    -  -  - 1.000E-02  0.000E+00          -               -1  4.0    -   174    1   19 1
   -  -  -    -  -  - 1.000E-02  0.000E+00          -                1  4.0    -   172    2   20 0
   -  -  -    -  -  - 3.000E-02  0.000E+00          -               -1  1.0    -   169    3   21 1
   -  -  -    -  -  - 3.000E-02  0.000E+00          -                1  1.0    -   167    4   23 0
   -  -  -    -  -  - 7.000E-02  0.000E+00          -               -1  1.0    -   164    5   25 1
   -  -  -    -  -  - 7.000E-02  0.000E+00          -                1  1.0    -   162    6   26 0
   -  -  -    -  -  - 2.000E-01  0.000E+00          -                1  1.0    -   159    7   27 1
   4  H  3  ct2  O  O         *          *  1.200E+01                *    * 0.00     *    *    * *
   -  -  -    -  -  - 1.000E-03  0.000E+00          -               -1  4.0    -   184    1   17 1
   -  -  -    -  -  - 1.000E-03  0.000E+00          -                1  4.0    -   183    2   18 0
   -  -  -    -  -  - 3.000E-02  0.000E+00          -               -1  1.0    -   182    3   22 1
   -  -  -    -  -  - 3.000E-02  0.000E+00          -                1  1.0    -   181    4   24 0
----------------------------------------------------------------------------------------------------------
Short range atomic symmetry function groups element  O :
----------------------------------------------------------------------------------------------------------
 ind ec tp sbtp e1 e2       eta      rs/rl         rc   angl   angr la zeta    a    ln   mi  sfi e
----------------------------------------------------------------------------------------------------------
   1  O  2  ct2  H            *          *  1.200E+01                       0.00     *    *    *  
   -  -  -    -  -    1.000E-03  0.000E+00          -                          -   139    1    1  
   -  -  -    -  -    1.000E-02  0.000E+00          -                          -   140    2    3  
   -  -  -    -  -    3.000E-02  0.000E+00          -                          -   141    3    5  
   -  -  -    -  -    6.000E-02  0.000E+00          -                          -   142    4    7  
   -  -  -    -  -    1.500E-01  9.000E-01          -                          -   143    5    9  
   -  -  -    -  -    3.000E-01  9.000E-01          -                          -   144    6   11  
   -  -  -    -  -    6.000E-01  9.000E-01          -                          -   145    7   13  
   -  -  -    -  -    1.500E+00  9.000E-01          -                          -   146    8   15  
   2  O  2  ct2  O            *          *  1.200E+01                       0.00     *    *    *  
   -  -  -    -  -    1.000E-03  0.000E+00          -                          -   149    1    2  
   -  -  -    -  -    1.000E-02  0.000E+00          -                          -   150    2    4  
   -  -  -    -  -    3.000E-02  0.000E+00          -                          -   151    3    6  
   -  -  -    -  -    6.000E-02  0.000E+00          -                          -   152    4    8  
   -  -  -    -  -    1.500E-01  4.000E+00          -                          -   153    5   10  
   -  -  -    -  -    3.000E-01  4.000E+00          -                          -   154    6   12  
   -  -  -    -  -    6.000E-01  4.000E+00          -                          -   155    7   14  
   -  -  -    -  -    1.500E+00  4.000E+00          -                          -   156    8   16  
   3  O  3  ct2  H  H         *          *  1.200E+01                *    * 0.00     *    *    * *
   -  -  -    -  -  - 1.000E-02  0.000E+00          -               -1  4.0    -   173    1   21 1
   -  -  -    -  -  - 1.000E-02  0.000E+00          -                1  4.0    -   171    2   22 0
   -  -  -    -  -  - 3.000E-02  0.000E+00          -               -1  1.0    -   168    3   23 1
   -  -  -    -  -  - 3.000E-02  0.000E+00          -                1  1.0    -   166    4   26 0
   -  -  -    -  -  - 7.000E-02  0.000E+00          -               -1  1.0    -   163    5   29 1
   -  -  -    -  -  - 7.000E-02  0.000E+00          -                1  1.0    -   161    6   30 0
   4  O  3  ct2  H  O         *          *  1.200E+01                *    * 0.00     *    *    * *
   -  -  -    -  -  - 1.000E-03  0.000E+00          -               -1  4.0    -   179    1   17 1
   -  -  -    -  -  - 1.000E-03  0.000E+00          -                1  4.0    -   178    2   19 0
   -  -  -    -  -  - 3.000E-02  0.000E+00          -               -1  1.0    -   177    3   24 1
   -  -  -    -  -  - 3.000E-02  0.000E+00          -                1  1.0    -   176    4   27 0
   5  O  3  ct2  O  O         *          *  1.200E+01                *    * 0.00     *    *    * *
   -  -  -    -  -  - 1.000E-03  0.000E+00          -               -1  4.0    -   189    1   18 1
   -  -  -    -  -  - 1.000E-03  0.000E+00          -                1  4.0    -   188    2   20 0
   -  -  -    -  -  - 3.000E-02  0.000E+00          -               -1  1.0    -   187    3   25 1
   -  -  -    -  -  - 3.000E-02  0.000E+00          -                1  1.0    -   186    4   28 0
----------------------------------------------------------------------------------------------------------
*******************************************************************************

*** SETUP: NEURAL NETWORKS ****************************************************

Normalize neurons (all elements): 0
-------------------------------------------------------------------------------
Atomic electronegativity NN for element  H :
Number of weights    :   1325
Number of biases     :     51
Number of connections:   1376
Architecture       27   25   25    1
-------------------------------------------------------------------------------
   1   G   t   t   l
   2   G   t   t    
   3   G   t   t    
   4   G   t   t    
   5   G   t   t    
   6   G   t   t    
   7   G   t   t    
   8   G   t   t    
   9   G   t   t    
  10   G   t   t    
  11   G   t   t    
  12   G   t   t    
  13   G   t   t    
  14   G   t   t    
  15   G   t   t    
  16   G   t   t    
  17   G   t   t    
  18   G   t   t    
  19   G   t   t    
  20   G   t   t    
  21   G   t   t    
  22   G   t   t    
  23   G   t   t    
  24   G   t   t    
  25   G   t   t    
  26   G            
  27   G            
-------------------------------------------------------------------------------
Atomic electronegativity NN for element  O :
Number of weights    :   1400
Number of biases     :     51
Number of connections:   1451
Architecture       30   25   25    1
-------------------------------------------------------------------------------
   1   G   t   t   l
   2   G   t   t    
   3   G   t   t    
   4   G   t   t    
   5   G   t   t    
   6   G   t   t    
   7   G   t   t    
   8   G   t   t    
   9   G   t   t    
  10   G   t   t    
  11   G   t   t    
  12   G   t   t    
  13   G   t   t    
  14   G   t   t    
  15   G   t   t    
  16   G   t   t    
  17   G   t   t    
  18   G   t   t    
  19   G   t   t    
  20   G   t   t    
  21   G   t   t    
  22   G   t   t    
  23   G   t   t    
  24   G   t   t    
  25   G   t   t    
  26   G            
  27   G            
  28   G            
  29   G            
  30   G            
-------------------------------------------------------------------------------
Atomic short range NN for element  H :
Number of weights    :   1350
Number of biases     :     51
Number of connections:   1401
Architecture       28   25   25    1
-------------------------------------------------------------------------------
   1   G   t   t   l
   2   G   t   t    
   3   G   t   t    
   4   G   t   t    
   5   G   t   t    
   6   G   t   t    
   7   G   t   t    
   8   G   t   t    
   9   G   t   t    
  10   G   t   t    
  11   G   t   t    
  12   G   t   t    
  13   G   t   t    
  14   G   t   t    
  15   G   t   t    
  16   G   t   t    
  17   G   t   t    
  18   G   t   t    
  19   G   t   t    
  20   G   t   t    
  21   G   t   t    
  22   G   t   t    
  23   G   t   t    
  24   G   t   t    
  25   G   t   t    
  26   G            
  27   G            
  28   G            
-------------------------------------------------------------------------------
Atomic short range NN for element  O :
Number of weights    :   1425
Number of biases     :     51
Number of connections:   1476
Architecture       31   25   25    1
-------------------------------------------------------------------------------
   1   G   t   t   l
   2   G   t   t    
   3   G   t   t    
   4   G   t   t    
   5   G   t   t    
   6   G   t   t    
   7   G   t   t    
   8   G   t   t    
   9   G   t   t    
  10   G   t   t    
  11   G   t   t    
  12   G   t   t    
  13   G   t   t    
  14   G   t   t    
  15   G   t   t    
  16   G   t   t    
  17   G   t   t    
  18   G   t   t    
  19   G   t   t    
  20   G   t   t    
  21   G   t   t    
  22   G   t   t    
  23   G   t   t    
  24   G   t   t    
  25   G   t   t    
  26   G            
  27   G            
  28   G            
  29   G            
  30   G            
  31   G            
-------------------------------------------------------------------------------
*******************************************************************************

*** SETUP: SYMMETRY FUNCTION SCALING ******************************************

Equal scaling type for all symmetry functions:
Scaling type::ST_SCALECENTER (3)
Gs = Smin + (Smax - Smin) * (G - Gmean) / (Gmax - Gmin)
WARNING: Keyword "scale_min_short" not found.
         Default value for Smin = 0.0.
WARNING: Keyword "scale_max_short" not found.
         Default value for Smax = 1.0.
Smin = 0.000000
Smax = 1.000000
Symmetry function scaling statistics from file: scaling.data
-------------------------------------------------------------------------------

Abbreviations:
--------------
ind ..... Symmetry function index.
min ..... Minimum symmetry function value.
max ..... Maximum symmetry function value.
mean .... Mean symmetry function value.
sigma ... Standard deviation of symmetry function values.
sf ...... Scaling factor for derivatives.
Smin .... Desired minimum scaled symmetry function value.
Smax .... Desired maximum scaled symmetry function value.
t ....... Scaling type.

Scaling data for symmetry functions element  H :
-------------------------------------------------------------------------------
 ind       min       max      mean     sigma        sf  Smin  Smax t
-------------------------------------------------------------------------------
   1  1.09E+00  9.62E+00  2.27E+00  6.79E-01  1.17E-01  0.00  1.00 3
   2  7.33E-01  5.00E+00  1.33E+00  3.39E-01  2.34E-01  0.00  1.00 3
   3  7.60E-01  7.14E+00  1.65E+00  5.08E-01  1.57E-01  0.00  1.00 3
   4  5.48E-01  3.77E+00  1.02E+00  2.54E-01  3.11E-01  0.00  1.00 3
   5  4.01E-01  4.15E+00  9.09E-01  2.98E-01  2.67E-01  0.00  1.00 3
   6  3.62E-01  2.27E+00  6.49E-01  1.48E-01  5.25E-01  0.00  1.00 3
   7  1.89E-01  2.23E+00  4.57E-01  1.60E-01  4.90E-01  0.00  1.00 3
   8  2.67E-01  1.32E+00  4.24E-01  8.05E-02  9.49E-01  0.00  1.00 3
   9  2.45E-01  9.48E-01  3.62E-01  5.30E-02  1.42E+00  0.00  1.00 3
  10  2.22E-01  2.76E+00  5.39E-01  2.01E-01  3.94E-01  0.00  1.00 3
  11  1.47E-01  5.56E-01  2.68E-01  2.62E-02  2.45E+00  0.00  1.00 3
  12  9.91E-02  1.73E+00  2.96E-01  1.16E-01  6.14E-01  0.00  1.00 3
  13  6.51E-02  3.45E-01  1.85E-01  1.97E-02  3.57E+00  0.00  1.00 3
  14  3.17E-02  9.13E-01  1.50E-01  5.35E-02  1.13E+00  0.00  1.00 3
  15  2.92E-03  2.65E-01  7.65E-02  1.88E-02  3.82E+00  0.00  1.00 3
  16  3.21E-04  2.87E-01  4.58E-02  2.33E-02  3.49E+00  0.00  1.00 3
  17  2.47E-04  1.38E-01  1.77E-02  9.75E-03  7.23E+00  0.00  1.00 3
  18  5.10E-03  5.83E-01  2.39E-02  3.78E-02  1.73E+00  0.00  1.00 3
  19  3.23E-04  2.16E-01  1.71E-02  1.40E-02  4.63E+00  0.00  1.00 3
  20  4.96E-02  1.69E+00  1.45E-01  1.10E-01  6.11E-01  0.00  1.00 3
  21  3.41E-03  3.16E-01  1.84E-02  2.01E-02  3.20E+00  0.00  1.00 3
  22  1.31E-04  1.03E-01  6.37E-03  6.61E-03  9.76E+00  0.00  1.00 3
  23  3.38E-02  9.16E-01  8.13E-02  5.79E-02  1.13E+00  0.00  1.00 3
  24  4.17E-04  1.58E-01  4.66E-03  9.86E-03  6.35E+00  0.00  1.00 3
  25  7.35E-04  5.92E-02  3.70E-03  3.31E-03  1.71E+01  0.00  1.00 3
  26  8.98E-03  1.94E-01  2.41E-02  1.10E-02  5.40E+00  0.00  1.00 3
  27  2.12E-04  8.78E-03  2.06E-03  5.88E-04  1.17E+02  0.00  1.00 3
-------------------------------------------------------------------------------
Scaling data for symmetry functions element  O :
-------------------------------------------------------------------------------
 ind       min       max      mean     sigma        sf  Smin  Smax t
-------------------------------------------------------------------------------
   1  1.51E+00  1.00E+01  2.65E+00  6.78E-01  1.18E-01  0.00  1.00 3
   2  4.44E-01  4.62E+00  9.66E-01  3.37E-01  2.39E-01  0.00  1.00 3
   3  1.19E+00  7.53E+00  2.03E+00  5.06E-01  1.58E-01  0.00  1.00 3
   4  2.76E-01  3.39E+00  6.59E-01  2.50E-01  3.21E-01  0.00  1.00 3
   5  8.06E-01  4.54E+00  1.30E+00  2.94E-01  2.68E-01  0.00  1.00 3
   6  1.05E-01  1.89E+00  3.07E-01  1.42E-01  5.60E-01  0.00  1.00 3
   7  5.69E-01  2.62E+00  8.48E-01  1.57E-01  4.89E-01  0.00  1.00 3
   8  2.33E-02  9.36E-01  1.11E-01  6.98E-02  1.10E+00  0.00  1.00 3
   9  5.14E-01  1.85E+00  7.25E-01  9.80E-02  7.46E-01  0.00  1.00 3
  10  1.11E-01  2.91E+00  4.75E-01  2.34E-01  3.57E-01  0.00  1.00 3
  11  3.53E-01  1.07E+00  5.35E-01  4.52E-02  1.39E+00  0.00  1.00 3
  12  3.04E-02  2.53E+00  3.17E-01  2.10E-01  4.00E-01  0.00  1.00 3
  13  1.60E-01  6.63E-01  3.70E-01  3.08E-02  1.99E+00  0.00  1.00 3
  14  2.78E-03  2.30E+00  1.77E-01  1.86E-01  4.35E-01  0.00  1.00 3
  15  9.56E-03  3.91E-01  1.53E-01  2.79E-02  2.62E+00  0.00  1.00 3
  16  3.75E-06  2.04E+00  5.41E-02  1.43E-01  4.91E-01  0.00  1.00 3
  17  2.47E-03  3.43E-01  1.67E-02  2.19E-02  2.93E+00  0.00  1.00 3
  18  1.74E-05  5.63E-02  9.55E-04  3.36E-03  1.78E+01  0.00  1.00 3
  19  5.48E-02  3.02E+00  2.04E-01  2.01E-01  3.37E-01  0.00  1.00 3
  20  1.38E-03  4.99E-01  1.28E-02  3.18E-02  2.01E+00  0.00  1.00 3
  21  6.69E-03  2.67E-01  3.09E-02  1.71E-02  3.84E+00  0.00  1.00 3
  22  1.70E-02  1.42E+00  7.63E-02  9.29E-02  7.14E-01  0.00  1.00 3
  23  1.98E-02  4.08E-01  4.88E-02  2.55E-02  2.58E+00  0.00  1.00 3
  24  5.28E-04  2.33E-01  7.21E-03  1.45E-02  4.30E+00  0.00  1.00 3
  25  1.11E-05  3.53E-02  4.25E-04  2.05E-03  2.83E+01  0.00  1.00 3
  26  1.60E-02  8.22E-01  5.08E-02  5.28E-02  1.24E+00  0.00  1.00 3
  27  3.99E-03  7.86E-01  3.69E-02  5.05E-02  1.28E+00  0.00  1.00 3
  28  4.05E-05  9.84E-02  1.21E-03  5.79E-03  1.02E+01  0.00  1.00 3
  29  6.04E-03  9.93E-02  1.62E-02  5.52E-03  1.07E+01  0.00  1.00 3
  30  2.96E-03  1.55E-01  1.16E-02  8.94E-03  6.59E+00  0.00  1.00 3
-------------------------------------------------------------------------------
*******************************************************************************

*** SETUP: SYMMETRY FUNCTION STATISTICS ***************************************

Equal symmetry function statistics for all elements.
Collect min/max/mean/sigma                        : 0
Collect extrapolation warnings                    : 0
Write extrapolation warnings immediately to stderr: 1
Halt on any extrapolation warning                 : 0
*******************************************************************************

*** SETUP: NEURAL NETWORK WEIGHTS *********************************************

Electronegativity weight file name format: weightse.%03zu.data
Setting weights for element  H from file: weightse.001.data
Setting weights for element  O from file: weightse.008.data
Short range weight file name format: weights.%03zu.data
Setting weights for element  H from file: weights.001.data
Setting weights for element  O from file: weights.008.data
*******************************************************************************

*** PREDICTION ****************************************************************

Reading structure file...

*** STRUCTURE DISTRIBUTION ****************************************************

Reading configurations from data file: input.data.
Total number of structures: 2
Number of structures per processor: 2
Distributed 2 structures, 0 bytes (0.00 MiB) transferred.
Number of local structures: 2
*******************************************************************************
Found 2 configurations in input.data
Calculating NNP predictions...
Configuration 1: 384 atoms
  NNP total energy:  -9.29424652E+03
  NNP electrostatic energy:  -8.35260219E-01
  NNP total charge:  -2.94486657E-14 (ref:   0.00000000E+00)
Configuration 2: 384 atoms
  NNP total energy:  -9.29424652E+03
  NNP electrostatic energy:  -8.35260219E-01
  NNP total charge:  -2.94486657E-14 (ref:   0.00000000E+00)

-------------------------------------------------------------------------------
Ewald parameters for this structure changed:
Real space cutoff:           3.56826886E+01
Reciprocal space cutoff:     3.68974416E-01
Ewald screening parameter:   9.83401028E+00
-------------------------------------------------------------------------------
Writing output files...
 - energy.out
 - nnatoms.out
 - nnforces.out
Writing structures with NNP predictions to "output.data".
Finished.
*******************************************************************************
